{"level":"info","message":"Server running --- from server.ts","timestamp":"2025-01-20T04:42:04.669Z"}
{"level":"info","message":"Router ------------","timestamp":"2025-01-20T04:42:12.173Z"}
{"level":"info","message":"Router ------------","timestamp":"2025-01-20T04:44:04.399Z"}
{"level":"info","message":"Router ------------","timestamp":"2025-01-20T04:45:37.581Z"}
{"level":"info","message":"Router ------------","timestamp":"2025-01-20T04:46:46.270Z"}
{"level":"info","message":"Server running --- from server.ts","timestamp":"2025-01-20T04:48:22.147Z"}
{"level":"info","message":"Server running --- from server.ts","timestamp":"2025-01-20T04:48:32.047Z"}
{"level":"info","message":"Server running --- from server.ts","timestamp":"2025-01-20T04:49:00.203Z"}
{"level":"info","message":"Server running --- from server.ts","timestamp":"2025-01-20T04:49:11.097Z"}
{"level":"info","message":"Server running --- from server.ts","timestamp":"2025-01-20T04:49:36.855Z"}
{"level":"info","message":"Server running --- from server.ts","timestamp":"2025-01-20T04:49:43.495Z"}
{"level":"info","message":"Server running --- from server.ts","timestamp":"2025-01-20T04:49:58.174Z"}
{"level":"info","message":"Server running --- from server.ts","timestamp":"2025-01-20T04:50:05.250Z"}
{"level":"info","message":"Server running --- from server.ts","timestamp":"2025-01-20T04:50:20.033Z"}
{"level":"info","message":"Server running --- from server.ts","timestamp":"2025-01-20T04:50:25.260Z"}
{"level":"info","message":"Server running --- from server.ts","timestamp":"2025-01-20T04:51:42.361Z"}
{"level":"info","message":"Server running --- from server.ts","timestamp":"2025-01-20T04:53:17.446Z"}
{"level":"info","message":"Server running --- from server.ts","timestamp":"2025-01-20T04:55:06.304Z"}
{"level":"info","message":"Server running --- from server.ts","timestamp":"2025-01-20T04:55:14.372Z"}
{"level":"info","message":"Server running --- from server.ts","timestamp":"2025-01-20T04:55:44.555Z"}
{"level":"info","message":"Server running --- from server.ts","timestamp":"2025-01-20T06:01:18.362Z"}
{"level":"info","message":"Server running --- from server.ts","timestamp":"2025-01-20T06:01:25.184Z"}
{"level":"info","message":"Server running --- from server.ts","timestamp":"2025-01-20T06:25:25.631Z"}
{"level":"info","message":"Server running --- from server.ts","timestamp":"2025-01-20T06:26:52.799Z"}
{"level":"info","message":"Server running --- from server.ts","timestamp":"2025-01-20T06:27:12.343Z"}
{"level":"info","message":"Server running --- from server.ts","timestamp":"2025-01-20T06:27:26.567Z"}
{"level":"info","message":"Server running --- from server.ts","timestamp":"2025-01-20T06:35:23.190Z"}
{"level":"info","message":"Server running --- from server.ts","timestamp":"2025-01-20T06:35:36.576Z"}
{"level":"info","message":"Server running --- from server.ts","timestamp":"2025-01-20T06:35:40.386Z"}
{"level":"info","message":"Server running --- from server.ts","timestamp":"2025-01-20T06:42:53.007Z"}
{"level":"info","message":"Server running --- from server.ts","timestamp":"2025-01-20T06:42:57.458Z"}
{"level":"info","message":"Server running --- from server.ts","timestamp":"2025-01-20T06:45:17.661Z"}
{"level":"info","message":"Server running --- from server.ts","timestamp":"2025-01-20T06:45:24.347Z"}
{"level":"info","message":"Server running --- from server.ts","timestamp":"2025-01-20T06:45:28.020Z"}
{"level":"info","message":"Server running --- from server.ts","timestamp":"2025-01-20T06:45:31.604Z"}
{"level":"info","message":"Server running --- from server.ts","timestamp":"2025-01-20T06:45:36.295Z"}
{"level":"info","message":"Server running --- from server.ts","timestamp":"2025-01-20T06:46:14.136Z"}
{"level":"info","message":"Router ------------","timestamp":"2025-01-20T06:49:04.681Z"}
{"level":"error","message":"Error in userSignUp: Database query failed : bind message supplies 4 parameters, but prepared statement \"\" requires 5","stack":"Error: Database query failed : bind message supplies 4 parameters, but prepared statement \"\" requires 5\n    at C:\\Users\\INDUMATHI\\Desktop\\KarmaCuisineBackend\\KARMA-CUISINE-BACKEND\\src\\helper\\db.ts:24:11\n    at Generator.throw (<anonymous>)\n    at rejected (C:\\Users\\INDUMATHI\\Desktop\\KarmaCuisineBackend\\KARMA-CUISINE-BACKEND\\src\\helper\\db.ts:6:65)\n    at processTicksAndRejections (node:internal/process/task_queues:105:5)","timestamp":"2025-01-20T06:49:04.865Z"}
{"level":"info","message":"Server running --- from server.ts","timestamp":"2025-01-20T06:59:10.738Z"}
{"level":"info","message":"Server running --- from server.ts","timestamp":"2025-01-20T07:01:15.310Z"}
{"level":"info","message":"Server running --- from server.ts","timestamp":"2025-01-20T07:01:22.783Z"}
{"level":"info","message":"Router ------------","timestamp":"2025-01-20T07:01:26.190Z"}
{"level":"info","message":"Server running --- from server.ts","timestamp":"2025-01-20T07:04:37.045Z"}
{"level":"info","message":"Server running --- from server.ts","timestamp":"2025-01-20T07:05:07.607Z"}
{"level":"info","message":"Server running --- from server.ts","timestamp":"2025-01-20T07:10:04.062Z"}
{"level":"info","message":"Server running --- from server.ts","timestamp":"2025-01-20T07:10:16.409Z"}
{"level":"info","message":"Server running --- from server.ts","timestamp":"2025-01-20T07:10:29.931Z"}
{"level":"info","message":"Server running --- from server.ts","timestamp":"2025-01-20T07:10:57.841Z"}
{"level":"info","message":"Server running --- from server.ts","timestamp":"2025-01-20T07:27:20.664Z"}
{"level":"info","message":"Server running --- from server.ts","timestamp":"2025-01-20T07:27:52.952Z"}
{"level":"info","message":"Server running --- from server.ts","timestamp":"2025-01-20T07:28:03.069Z"}
{"level":"info","message":"Server running --- from server.ts","timestamp":"2025-01-20T07:28:13.258Z"}
{"level":"info","message":"Server running --- from server.ts","timestamp":"2025-01-20T07:28:20.528Z"}
{"level":"info","message":"Server running --- from server.ts","timestamp":"2025-01-20T07:28:28.151Z"}
{"level":"info","message":"Server running --- from server.ts","timestamp":"2025-01-20T07:28:56.887Z"}
{"level":"info","message":"Server running --- from server.ts","timestamp":"2025-01-20T07:29:00.473Z"}
{"level":"info","message":"Router ------------","timestamp":"2025-01-20T07:33:03.808Z"}
{"level":"info","message":"Server running --- from server.ts","timestamp":"2025-01-20T07:37:45.634Z"}
{"level":"info","message":"Server running --- from server.ts","timestamp":"2025-01-20T07:37:57.027Z"}
{"level":"info","message":"Server running --- from server.ts","timestamp":"2025-01-20T07:38:04.723Z"}
{"level":"info","message":"Server running --- from server.ts","timestamp":"2025-01-20T07:38:17.571Z"}
{"level":"info","message":"Server running --- from server.ts","timestamp":"2025-01-20T07:38:20.951Z"}
{"level":"info","message":"Server running --- from server.ts","timestamp":"2025-01-20T07:38:39.070Z"}
{"level":"info","message":"Router ------------","timestamp":"2025-01-20T07:38:58.663Z"}
{"level":"info","message":"Server running --- from server.ts","timestamp":"2025-01-20T07:42:12.469Z"}
{"level":"info","message":"Server running --- from server.ts","timestamp":"2025-01-20T07:42:17.896Z"}
{"level":"info","message":"Server running --- from server.ts","timestamp":"2025-01-20T08:54:06.632Z"}
{"level":"info","message":"Router ------------","timestamp":"2025-01-20T08:55:13.368Z"}
{"level":"info","message":"Router ------------","timestamp":"2025-01-20T08:55:55.733Z"}
{"level":"info","message":"Server running --- from server.ts","timestamp":"2025-01-20T08:58:07.565Z"}
{"level":"info","message":"Server running --- from server.ts","timestamp":"2025-01-20T09:01:14.084Z"}
{"level":"info","message":"Server running --- from server.ts","timestamp":"2025-01-20T09:01:26.794Z"}
{"level":"info","message":"Server running --- from server.ts","timestamp":"2025-01-20T09:01:35.718Z"}
{"level":"info","message":"Server running --- from server.ts","timestamp":"2025-01-20T09:01:47.211Z"}
{"level":"info","message":"Server running --- from server.ts","timestamp":"2025-01-20T09:01:59.233Z"}
{"level":"info","message":"Server running --- from server.ts","timestamp":"2025-01-20T09:04:15.991Z"}
{"level":"info","message":"Server running --- from server.ts","timestamp":"2025-01-20T09:05:11.484Z"}
{"level":"info","message":"Server running --- from server.ts","timestamp":"2025-01-20T09:05:17.636Z"}
{"level":"info","message":"Server running --- from server.ts","timestamp":"2025-01-20T09:09:05.530Z"}
{"level":"info","message":"Server running --- from server.ts","timestamp":"2025-01-20T09:09:13.117Z"}
{"level":"info","message":"Server running --- from server.ts","timestamp":"2025-01-20T09:09:34.559Z"}
{"level":"info","message":"Server running --- from server.ts","timestamp":"2025-01-20T09:09:46.084Z"}
{"level":"info","message":"Server running --- from server.ts","timestamp":"2025-01-20T09:09:49.462Z"}
{"level":"info","message":"Server running --- from server.ts","timestamp":"2025-01-20T09:09:52.520Z"}
{"level":"info","message":"Router ------------","timestamp":"2025-01-20T09:11:58.414Z"}
{"level":"info","message":"Server running --- from server.ts","timestamp":"2025-01-20T09:13:20.218Z"}
{"level":"info","message":"Server running --- from server.ts","timestamp":"2025-01-20T09:16:52.850Z"}
{"level":"info","message":"Router ------------","timestamp":"2025-01-20T09:16:59.955Z"}
{"level":"info","message":"Router ------------","timestamp":"2025-01-20T09:17:05.216Z"}
{"level":"info","message":"Server running --- from server.ts","timestamp":"2025-01-20T09:27:56.804Z"}
{"level":"info","message":"Server running --- from server.ts","timestamp":"2025-01-20T09:34:32.605Z"}
{"level":"info","message":"Server running --- from server.ts","timestamp":"2025-01-20T09:34:39.049Z"}
{"level":"info","message":"Server running --- from server.ts","timestamp":"2025-01-20T09:35:44.992Z"}
{"level":"info","message":"Server running --- from server.ts","timestamp":"2025-01-20T09:36:02.864Z"}
{"level":"info","message":"Server running --- from server.ts","timestamp":"2025-01-20T09:36:24.781Z"}
{"level":"info","message":"Server running --- from server.ts","timestamp":"2025-01-20T09:37:46.416Z"}
{"level":"info","message":"Server running --- from server.ts","timestamp":"2025-01-20T09:38:05.663Z"}
{"level":"info","message":"Server running --- from server.ts","timestamp":"2025-01-20T09:38:14.187Z"}
{"level":"info","message":"Server running --- from server.ts","timestamp":"2025-01-20T09:38:59.757Z"}
{"level":"info","message":"Server running --- from server.ts","timestamp":"2025-01-20T09:39:16.652Z"}
{"level":"info","message":"Server running --- from server.ts","timestamp":"2025-01-20T09:39:38.379Z"}
{"level":"info","message":"Server running --- from server.ts","timestamp":"2025-01-20T09:40:08.926Z"}
{"level":"info","message":"Server running --- from server.ts","timestamp":"2025-01-20T09:40:28.440Z"}
{"level":"info","message":"Server running --- from server.ts","timestamp":"2025-01-20T09:41:12.078Z"}
{"level":"info","message":"Server running --- from server.ts","timestamp":"2025-01-20T09:45:09.381Z"}
{"level":"info","message":"Server running --- from server.ts","timestamp":"2025-01-20T09:45:28.891Z"}
{"level":"info","message":"Server running --- from server.ts","timestamp":"2025-01-20T09:45:57.365Z"}
{"level":"info","message":"Router ------------","timestamp":"2025-01-20T09:46:31.007Z"}
{"level":"info","message":"Server running --- from server.ts","timestamp":"2025-01-20T09:48:26.091Z"}
{"level":"info","message":"Server running --- from server.ts","timestamp":"2025-01-20T09:48:52.753Z"}
{"level":"info","message":"Server running --- from server.ts","timestamp":"2025-01-20T09:49:22.826Z"}
{"level":"info","message":"Server running --- from server.ts","timestamp":"2025-01-20T09:49:26.476Z"}
{"level":"info","message":"Router ------------","timestamp":"2025-01-20T09:51:03.946Z"}
{"level":"info","message":"Server running --- from server.ts","timestamp":"2025-01-20T09:53:57.956Z"}
{"level":"info","message":"Router ------------","timestamp":"2025-01-20T09:54:05.731Z"}
{"level":"info","message":"Router ------------","timestamp":"2025-01-20T09:56:43.705Z"}
{"level":"info","message":"Router ------------","timestamp":"2025-01-20T10:02:16.686Z"}
{"level":"info","message":"Router ------------","timestamp":"2025-01-20T10:02:28.943Z"}
{"level":"info","message":"Server running --- from server.ts","timestamp":"2025-01-20T10:06:01.613Z"}
{"level":"info","message":"Router ------------","timestamp":"2025-01-20T10:06:15.190Z"}
{"level":"info","message":"Router ------------","timestamp":"2025-01-20T10:07:19.285Z"}
{"level":"info","message":"Server running --- from server.ts","timestamp":"2025-01-20T10:11:26.672Z"}
{"level":"info","message":"Server running --- from server.ts","timestamp":"2025-01-20T10:12:25.569Z"}
{"level":"info","message":"Server running --- from server.ts","timestamp":"2025-01-20T10:12:37.432Z"}
{"level":"info","message":"Server running --- from server.ts","timestamp":"2025-01-20T10:12:46.953Z"}
{"level":"info","message":"Router ------------","timestamp":"2025-01-20T10:12:54.270Z"}
{"level":"info","message":"Server running --- from server.ts","timestamp":"2025-01-20T10:13:11.068Z"}
{"level":"info","message":"Server running --- from server.ts","timestamp":"2025-01-20T10:13:17.710Z"}
{"level":"info","message":"Router ------------","timestamp":"2025-01-20T10:13:21.534Z"}
{"level":"info","message":"Server running --- from server.ts","timestamp":"2025-01-20T10:13:48.276Z"}
{"level":"info","message":"Router ------------","timestamp":"2025-01-20T10:13:50.660Z"}
{"level":"info","message":"Server running --- from server.ts","timestamp":"2025-01-20T10:14:36.905Z"}
{"level":"info","message":"Router ------------","timestamp":"2025-01-20T10:14:44.392Z"}
{"level":"info","message":"Server running --- from server.ts","timestamp":"2025-01-20T10:15:11.414Z"}
{"level":"info","message":"Router ------------","timestamp":"2025-01-20T10:15:13.485Z"}
{"level":"info","message":"Server running --- from server.ts","timestamp":"2025-01-20T10:15:28.328Z"}
{"level":"info","message":"Router ------------","timestamp":"2025-01-20T10:15:31.885Z"}
{"level":"info","message":"Server running --- from server.ts","timestamp":"2025-01-20T10:15:48.503Z"}
{"level":"info","message":"Router ------------","timestamp":"2025-01-20T10:15:53.352Z"}
{"level":"info","message":"Server running --- from server.ts","timestamp":"2025-01-20T10:16:17.999Z"}
{"level":"info","message":"Router ------------","timestamp":"2025-01-20T10:16:19.861Z"}
{"level":"info","message":"Server running --- from server.ts","timestamp":"2025-01-20T10:17:04.180Z"}
{"level":"info","message":"Server running --- from server.ts","timestamp":"2025-01-20T10:17:35.050Z"}
{"level":"info","message":"Router ------------","timestamp":"2025-01-20T10:17:38.133Z"}
{"level":"error","message":"Server not running ---  New route /api/v1/users/forgotPassword conflicts with existing /api/v1/users/forgotPassword","name":"AssertError","stack":"AssertError: New route /api/v1/users/forgotPassword conflicts with existing /api/v1/users/forgotPassword\n    at module.exports.internals.Segment.internals.Segment.add (C:\\Users\\INDUMATHI\\Desktop\\KarmaCuisineBackend\\KARMA-CUISINE-BACKEND\\node_modules\\@hapi\\call\\lib\\segment.js:47:14)\n    at exports.Router.internals.Router.internals.Router.add (C:\\Users\\INDUMATHI\\Desktop\\KarmaCuisineBackend\\KARMA-CUISINE-BACKEND\\node_modules\\@hapi\\call\\lib\\index.js:65:16)\n    at internals.Server._addRoute (C:\\Users\\INDUMATHI\\Desktop\\KarmaCuisineBackend\\KARMA-CUISINE-BACKEND\\node_modules\\@hapi\\hapi\\lib\\server.js:529:46)\n    at internals.Server.route (C:\\Users\\INDUMATHI\\Desktop\\KarmaCuisineBackend\\KARMA-CUISINE-BACKEND\\node_modules\\@hapi\\hapi\\lib\\server.js:518:22)\n    at C:\\Users\\INDUMATHI\\Desktop\\KarmaCuisineBackend\\KARMA-CUISINE-BACKEND\\src\\api\\user\\routes.ts:13:14\n    at new Promise (<anonymous>)\n    at UserRouters.<anonymous> (C:\\Users\\INDUMATHI\\Desktop\\KarmaCuisineBackend\\KARMA-CUISINE-BACKEND\\src\\api\\user\\routes.ts:11:12)\n    at Generator.next (<anonymous>)\n    at C:\\Users\\INDUMATHI\\Desktop\\KarmaCuisineBackend\\KARMA-CUISINE-BACKEND\\src\\api\\user\\routes.ts:8:71\n    at new Promise (<anonymous>)","timestamp":"2025-01-20T10:20:01.148Z"}
{"level":"info","message":"Server running --- from server.ts","timestamp":"2025-01-20T10:20:14.606Z"}
{"level":"info","message":"Server running --- from server.ts","timestamp":"2025-01-20T10:20:47.821Z"}
{"level":"info","message":"Server running --- from server.ts","timestamp":"2025-01-20T10:20:53.791Z"}
{"level":"info","message":"Server running --- from server.ts","timestamp":"2025-01-20T10:21:16.826Z"}
{"level":"info","message":"Server running --- from server.ts","timestamp":"2025-01-20T10:24:38.077Z"}
{"level":"info","message":"Server running --- from server.ts","timestamp":"2025-01-20T10:24:47.277Z"}
{"level":"info","message":"Server running --- from server.ts","timestamp":"2025-01-20T10:24:57.311Z"}
{"level":"info","message":"Server running --- from server.ts","timestamp":"2025-01-20T10:25:44.697Z"}
{"level":"info","message":"Server running --- from server.ts","timestamp":"2025-01-20T10:26:02.593Z"}
{"level":"info","message":"Server running --- from server.ts","timestamp":"2025-01-20T10:26:53.768Z"}
{"level":"info","message":"Router ------------","timestamp":"2025-01-20T10:27:17.604Z"}
{"level":"info","message":"Router ------------","timestamp":"2025-01-20T10:27:22.144Z"}
{"level":"info","message":"Server running --- from server.ts","timestamp":"2025-01-20T10:27:46.141Z"}
{"level":"info","message":"Router ------------","timestamp":"2025-01-20T10:27:46.380Z"}
{"level":"info","message":"Server running --- from server.ts","timestamp":"2025-01-20T10:33:33.457Z"}
{"level":"info","message":"Server running --- from server.ts","timestamp":"2025-01-20T10:35:15.795Z"}
{"level":"info","message":"Server running --- from server.ts","timestamp":"2025-01-20T10:35:27.638Z"}
{"level":"info","message":"Server running --- from server.ts","timestamp":"2025-01-20T10:35:38.074Z"}
{"level":"info","message":"Server running --- from server.ts","timestamp":"2025-01-20T10:41:53.378Z"}
{"level":"info","message":"Router ------------","timestamp":"2025-01-20T10:43:22.283Z"}
{"level":"info","message":"Server running --- from server.ts","timestamp":"2025-01-20T10:44:13.449Z"}
{"level":"info","message":"Server running --- from server.ts","timestamp":"2025-01-20T10:44:38.538Z"}
{"level":"info","message":"Server running --- from server.ts","timestamp":"2025-01-20T10:44:57.045Z"}
{"level":"info","message":"Server running --- from server.ts","timestamp":"2025-01-20T10:45:06.808Z"}
{"level":"info","message":"Server running --- from server.ts","timestamp":"2025-01-20T10:45:10.764Z"}
{"level":"info","message":"Router ------------","timestamp":"2025-01-20T10:45:11.308Z"}
{"level":"info","message":"Server running --- from server.ts","timestamp":"2025-01-20T10:45:55.103Z"}
{"level":"info","message":"Server running --- from server.ts","timestamp":"2025-01-20T10:49:25.416Z"}
{"level":"info","message":"Server running --- from server.ts","timestamp":"2025-01-20T10:50:12.783Z"}
{"level":"info","message":"Server running --- from server.ts","timestamp":"2025-01-20T10:50:25.123Z"}
{"level":"info","message":"Server running --- from server.ts","timestamp":"2025-01-20T10:50:29.145Z"}
{"level":"info","message":"Server running --- from server.ts","timestamp":"2025-01-20T10:50:36.992Z"}
{"level":"info","message":"Server running --- from server.ts","timestamp":"2025-01-20T10:50:47.168Z"}
{"level":"info","message":"Server running --- from server.ts","timestamp":"2025-01-20T10:50:51.106Z"}
{"level":"info","message":"Server running --- from server.ts","timestamp":"2025-01-20T10:51:41.483Z"}
{"level":"info","message":"Server running --- from server.ts","timestamp":"2025-01-20T11:51:49.646Z"}
{"level":"info","message":"Server running --- from server.ts","timestamp":"2025-01-20T11:51:54.093Z"}
{"level":"info","message":"Server running --- from server.ts","timestamp":"2025-01-20T11:52:03.565Z"}
{"level":"info","message":"Server running --- from server.ts","timestamp":"2025-01-20T11:52:23.701Z"}
{"level":"error","message":"Server not running ---  New route /api/v1/vendorRoutes/VendorAuditList conflicts with existing /api/v1/vendorRoutes/VendorAuditList","name":"AssertError","stack":"AssertError: New route /api/v1/vendorRoutes/VendorAuditList conflicts with existing /api/v1/vendorRoutes/VendorAuditList\n    at module.exports.internals.Segment.internals.Segment.add (C:\\Users\\INDUMATHI\\Desktop\\KarmaCuisineBackend\\KARMA-CUISINE-BACKEND\\node_modules\\@hapi\\call\\lib\\segment.js:47:14)\n    at exports.Router.internals.Router.internals.Router.add (C:\\Users\\INDUMATHI\\Desktop\\KarmaCuisineBackend\\KARMA-CUISINE-BACKEND\\node_modules\\@hapi\\call\\lib\\index.js:65:16)\n    at internals.Server._addRoute (C:\\Users\\INDUMATHI\\Desktop\\KarmaCuisineBackend\\KARMA-CUISINE-BACKEND\\node_modules\\@hapi\\hapi\\lib\\server.js:529:46)\n    at internals.Server.route (C:\\Users\\INDUMATHI\\Desktop\\KarmaCuisineBackend\\KARMA-CUISINE-BACKEND\\node_modules\\@hapi\\hapi\\lib\\server.js:518:22)\n    at C:\\Users\\INDUMATHI\\Desktop\\KarmaCuisineBackend\\KARMA-CUISINE-BACKEND\\src\\api\\vendor\\routes.ts:14:14\n    at new Promise (<anonymous>)\n    at vendorRoutes.<anonymous> (C:\\Users\\INDUMATHI\\Desktop\\KarmaCuisineBackend\\KARMA-CUISINE-BACKEND\\src\\api\\vendor\\routes.ts:12:12)\n    at Generator.next (<anonymous>)\n    at C:\\Users\\INDUMATHI\\Desktop\\KarmaCuisineBackend\\KARMA-CUISINE-BACKEND\\src\\api\\vendor\\routes.ts:8:71\n    at new Promise (<anonymous>)","timestamp":"2025-01-20T11:54:12.071Z"}
{"level":"info","message":"Server running --- from server.ts","timestamp":"2025-01-20T11:54:18.810Z"}
{"level":"info","message":"Server running --- from server.ts","timestamp":"2025-01-20T11:54:24.389Z"}
{"level":"info","message":"Server running --- from server.ts","timestamp":"2025-01-20T11:54:50.029Z"}
{"level":"info","message":"Server running --- from server.ts","timestamp":"2025-01-20T11:55:50.822Z"}
{"level":"info","message":"Server running --- from server.ts","timestamp":"2025-01-20T11:56:15.477Z"}
{"level":"info","message":"Server running --- from server.ts","timestamp":"2025-01-20T11:56:20.718Z"}
{"level":"info","message":"Server running --- from server.ts","timestamp":"2025-01-20T11:57:57.952Z"}
{"level":"info","message":"Server running --- from server.ts","timestamp":"2025-01-20T12:03:02.955Z"}
{"level":"info","message":"Server running --- from server.ts","timestamp":"2025-01-20T12:03:18.910Z"}
{"level":"info","message":"Server running --- from server.ts","timestamp":"2025-01-20T12:03:48.184Z"}
{"level":"info","message":"Server running --- from server.ts","timestamp":"2025-01-20T12:04:15.537Z"}
{"level":"info","message":"Server running --- from server.ts","timestamp":"2025-01-20T12:04:35.543Z"}
{"level":"info","message":"Server running --- from server.ts","timestamp":"2025-01-20T12:07:26.639Z"}
{"level":"info","message":"Server running --- from server.ts","timestamp":"2025-01-20T12:07:32.154Z"}
{"level":"info","message":"Server running --- from server.ts","timestamp":"2025-01-20T12:07:39.069Z"}
{"level":"info","message":"Server running --- from server.ts","timestamp":"2025-01-20T12:08:17.880Z"}
{"level":"info","message":"Server running --- from server.ts","timestamp":"2025-01-20T12:08:24.523Z"}
{"level":"info","message":"Server running --- from server.ts","timestamp":"2025-01-20T12:08:56.614Z"}
{"level":"info","message":"Server running --- from server.ts","timestamp":"2025-01-20T12:09:26.205Z"}
{"level":"info","message":"Server running --- from server.ts","timestamp":"2025-01-20T12:09:37.996Z"}
{"level":"info","message":"Server running --- from server.ts","timestamp":"2025-01-20T12:09:44.481Z"}
{"level":"info","message":"Server running --- from server.ts","timestamp":"2025-01-20T12:10:00.531Z"}
{"level":"info","message":"Server running --- from server.ts","timestamp":"2025-01-20T12:23:25.636Z"}
{"level":"info","message":"Server running --- from server.ts","timestamp":"2025-01-20T12:23:51.746Z"}
{"level":"info","message":"Server running --- from server.ts","timestamp":"2025-01-20T12:25:31.122Z"}
{"level":"info","message":"Server running --- from server.ts","timestamp":"2025-01-20T12:26:17.152Z"}
{"level":"info","message":"Server running --- from server.ts","timestamp":"2025-01-20T12:26:44.198Z"}
{"level":"info","message":"Server running --- from server.ts","timestamp":"2025-01-20T12:27:12.463Z"}
{"level":"info","message":"Server running --- from server.ts","timestamp":"2025-01-20T12:27:22.698Z"}
{"level":"info","message":"Server running --- from server.ts","timestamp":"2025-01-20T12:27:35.146Z"}
{"level":"info","message":"Server running --- from server.ts","timestamp":"2025-01-20T12:35:36.992Z"}
{"level":"info","message":"Server running --- from server.ts","timestamp":"2025-01-20T12:37:32.074Z"}
{"level":"info","message":"Server running --- from server.ts","timestamp":"2025-01-20T12:37:38.264Z"}
{"level":"info","message":"Server running --- from server.ts","timestamp":"2025-01-20T12:47:01.198Z"}
{"level":"info","message":"Server running --- from server.ts","timestamp":"2025-01-20T12:50:13.080Z"}
{"level":"info","message":"Server running --- from server.ts","timestamp":"2025-01-20T12:54:58.340Z"}
{"level":"info","message":"Server running --- from server.ts","timestamp":"2025-01-20T12:55:22.426Z"}
{"level":"info","message":"Server running --- from server.ts","timestamp":"2025-01-20T12:55:43.174Z"}
{"level":"info","message":"Server running --- from server.ts","timestamp":"2025-01-20T12:56:27.587Z"}
{"level":"info","message":"Server running --- from server.ts","timestamp":"2025-01-20T12:57:15.568Z"}
{"level":"error","message":"Error in store vendor social links: Cannot read properties of undefined (reading 'success')","stack":"TypeError: Cannot read properties of undefined (reading 'success')\n    at VendorProfile.<anonymous> (C:\\Users\\INDUMATHI\\Desktop\\KarmaCuisineBackend\\KARMA-CUISINE-BACKEND\\src\\api\\vendor\\controller.ts:344:18)\n    at Generator.next (<anonymous>)\n    at fulfilled (C:\\Users\\INDUMATHI\\Desktop\\KarmaCuisineBackend\\KARMA-CUISINE-BACKEND\\src\\api\\vendor\\controller.ts:5:58)\n    at processTicksAndRejections (node:internal/process/task_queues:105:5)","timestamp":"2025-01-20T12:57:17.035Z"}
