{"level":"info","message":"Server running --- from server.ts","timestamp":"2025-04-21T04:01:55.232Z"}
{"level":"info","message":"Add New Food Category","timestamp":"2025-04-21T04:02:01.412Z"}
{"code":"ENOTFOUND","errno":-3008,"hostname":"http://zadroit.brightoncloudtech.com","level":"error","message":"Error in Adding New Food Category getaddrinfo ENOTFOUND http://zadroit.brightoncloudtech.com","stack":"Error: getaddrinfo ENOTFOUND http://zadroit.brightoncloudtech.com\n    at C:\\Users\\VIJAY L\\Desktop\\Carma Cusaine\\KARMA-CUISINES-BACKEND\\node_modules\\pg-pool\\index.js:45:11\n    at processTicksAndRejections (node:internal/process/task_queues:95:5)","syscall":"getaddrinfo","timestamp":"2025-04-21T04:02:01.423Z"}
{"level":"info","message":"Server running --- from server.ts","timestamp":"2025-04-21T04:04:27.701Z"}
{"level":"info","message":"Server running --- from server.ts","timestamp":"2025-04-21T04:04:36.531Z"}
{"level":"info","message":"Server running --- from server.ts","timestamp":"2025-04-21T04:04:47.410Z"}
{"level":"info","message":"Server running --- from server.ts","timestamp":"2025-04-21T04:05:07.713Z"}
{"level":"info","message":"Add New Food Category","timestamp":"2025-04-21T04:05:13.350Z"}
{"level":"info","message":"Server running --- from server.ts","timestamp":"2025-04-21T04:06:09.447Z"}
{"level":"info","message":"Server running --- from server.ts","timestamp":"2025-04-21T04:07:34.670Z"}
{"level":"info","message":"Server running --- from server.ts","timestamp":"2025-04-21T04:07:47.360Z"}
{"level":"info","message":"Server running --- from server.ts","timestamp":"2025-04-21T04:08:13.039Z"}
{"level":"info","message":"Server running --- from server.ts","timestamp":"2025-04-21T04:08:36.261Z"}
{"level":"info","message":"Server running --- from server.ts","timestamp":"2025-04-21T04:08:47.055Z"}
{"level":"info","message":"Server running --- from server.ts","timestamp":"2025-04-21T04:08:55.746Z"}
{"level":"info","message":"Server running --- from server.ts","timestamp":"2025-04-21T04:09:01.534Z"}
{"level":"info","message":"Server running --- from server.ts","timestamp":"2025-04-21T04:09:16.291Z"}
{"level":"info","message":"Server running --- from server.ts","timestamp":"2025-04-21T04:09:26.841Z"}
{"level":"info","message":"Server running --- from server.ts","timestamp":"2025-04-21T04:09:42.382Z"}
{"level":"info","message":"Server running --- from server.ts","timestamp":"2025-04-21T04:09:49.615Z"}
{"level":"info","message":"Server running --- from server.ts","timestamp":"2025-04-21T05:02:55.612Z"}
{"level":"info","message":"Server running --- from server.ts","timestamp":"2025-04-21T05:03:09.964Z"}
{"level":"info","message":"Server running --- from server.ts","timestamp":"2025-04-21T05:03:31.990Z"}
{"level":"info","message":"Server running --- from server.ts","timestamp":"2025-04-21T05:03:40.562Z"}
{"level":"info","message":"Server running --- from server.ts","timestamp":"2025-04-21T05:04:09.313Z"}
{"level":"info","message":"Server running --- from server.ts","timestamp":"2025-04-21T05:04:15.344Z"}
{"level":"info","message":"Server running --- from server.ts","timestamp":"2025-04-21T05:04:20.792Z"}
{"level":"error","message":"Server not running ---  New route /api/v1/productCombo/getCategory conflicts with existing /api/v1/productCombo/getCategory","name":"AssertError","stack":"AssertError: New route /api/v1/productCombo/getCategory conflicts with existing /api/v1/productCombo/getCategory\n    at module.exports.internals.Segment.internals.Segment.add (C:\\Users\\VIJAY L\\Desktop\\Carma Cusaine\\KARMA-CUISINES-BACKEND\\node_modules\\@hapi\\call\\lib\\segment.js:47:14)\n    at exports.Router.internals.Router.internals.Router.add (C:\\Users\\VIJAY L\\Desktop\\Carma Cusaine\\KARMA-CUISINES-BACKEND\\node_modules\\@hapi\\call\\lib\\index.js:65:16)\n    at internals.Server._addRoute (C:\\Users\\VIJAY L\\Desktop\\Carma Cusaine\\KARMA-CUISINES-BACKEND\\node_modules\\@hapi\\hapi\\lib\\server.js:529:46)\n    at internals.Server.route (C:\\Users\\VIJAY L\\Desktop\\Carma Cusaine\\KARMA-CUISINES-BACKEND\\node_modules\\@hapi\\hapi\\lib\\server.js:518:22)\n    at C:\\Users\\VIJAY L\\Desktop\\Carma Cusaine\\KARMA-CUISINES-BACKEND\\src\\api\\productAndCombo\\routes.ts:12:14\n    at new Promise (<anonymous>)\n    at productComboRoutesNew.<anonymous> (C:\\Users\\VIJAY L\\Desktop\\Carma Cusaine\\KARMA-CUISINES-BACKEND\\src\\api\\productAndCombo\\routes.ts:10:12)\n    at Generator.next (<anonymous>)\n    at C:\\Users\\VIJAY L\\Desktop\\Carma Cusaine\\KARMA-CUISINES-BACKEND\\src\\api\\productAndCombo\\routes.ts:8:71\n    at new Promise (<anonymous>)","timestamp":"2025-04-21T06:00:41.564Z"}
{"level":"info","message":"Server running --- from server.ts","timestamp":"2025-04-21T06:00:47.523Z"}
{"level":"info","message":"Server running --- from server.ts","timestamp":"2025-04-21T06:00:56.456Z"}
{"level":"info","message":"Add New Food Category","timestamp":"2025-04-21T06:01:49.179Z"}
{"level":"info","message":"Server running --- from server.ts","timestamp":"2025-04-21T06:02:20.650Z"}
{"level":"info","message":"Server running --- from server.ts","timestamp":"2025-04-21T06:02:30.375Z"}
{"level":"info","message":"Server running --- from server.ts","timestamp":"2025-04-21T06:02:37.605Z"}
{"level":"info","message":"Server running --- from server.ts","timestamp":"2025-04-21T06:02:51.666Z"}
{"level":"info","message":"Server running --- from server.ts","timestamp":"2025-04-21T06:03:02.664Z"}
{"level":"info","message":"Server running --- from server.ts","timestamp":"2025-04-21T06:03:16.564Z"}
{"level":"info","message":"Server running --- from server.ts","timestamp":"2025-04-21T06:03:20.650Z"}
{"level":"info","message":"Add New Food Category","timestamp":"2025-04-21T06:03:44.790Z"}
{"level":"info","message":"Add New Food Category","timestamp":"2025-04-21T06:04:14.361Z"}
{"level":"info","message":"Add New Food Category","timestamp":"2025-04-21T06:06:02.814Z"}
{"level":"error","message":"Server not running ---  New route /api/v1/productCombo/addCategory conflicts with existing /api/v1/productCombo/addCategory","name":"AssertError","stack":"AssertError: New route /api/v1/productCombo/addCategory conflicts with existing /api/v1/productCombo/addCategory\n    at module.exports.internals.Segment.internals.Segment.add (C:\\Users\\VIJAY L\\Desktop\\Carma Cusaine\\KARMA-CUISINES-BACKEND\\node_modules\\@hapi\\call\\lib\\segment.js:47:14)\n    at exports.Router.internals.Router.internals.Router.add (C:\\Users\\VIJAY L\\Desktop\\Carma Cusaine\\KARMA-CUISINES-BACKEND\\node_modules\\@hapi\\call\\lib\\index.js:65:16)\n    at internals.Server._addRoute (C:\\Users\\VIJAY L\\Desktop\\Carma Cusaine\\KARMA-CUISINES-BACKEND\\node_modules\\@hapi\\hapi\\lib\\server.js:529:46)\n    at internals.Server.route (C:\\Users\\VIJAY L\\Desktop\\Carma Cusaine\\KARMA-CUISINES-BACKEND\\node_modules\\@hapi\\hapi\\lib\\server.js:518:22)\n    at C:\\Users\\VIJAY L\\Desktop\\Carma Cusaine\\KARMA-CUISINES-BACKEND\\src\\api\\productAndCombo\\routes.ts:12:14\n    at new Promise (<anonymous>)\n    at productComboRoutesNew.<anonymous> (C:\\Users\\VIJAY L\\Desktop\\Carma Cusaine\\KARMA-CUISINES-BACKEND\\src\\api\\productAndCombo\\routes.ts:10:12)\n    at Generator.next (<anonymous>)\n    at C:\\Users\\VIJAY L\\Desktop\\Carma Cusaine\\KARMA-CUISINES-BACKEND\\src\\api\\productAndCombo\\routes.ts:8:71\n    at new Promise (<anonymous>)","timestamp":"2025-04-21T06:12:12.757Z"}
{"level":"info","message":"Server running --- from server.ts","timestamp":"2025-04-21T06:12:16.940Z"}
{"level":"info","message":"Server running --- from server.ts","timestamp":"2025-04-21T06:12:22.735Z"}
{"level":"info","message":"Server running --- from server.ts","timestamp":"2025-04-21T06:12:27.346Z"}
{"level":"info","message":"Server running --- from server.ts","timestamp":"2025-04-21T06:12:32.827Z"}
{"level":"info","message":"Server running --- from server.ts","timestamp":"2025-04-21T06:13:02.270Z"}
{"level":"info","message":"Server running --- from server.ts","timestamp":"2025-04-21T15:42:49.064Z"}
{"level":"error","message":"Server not running ---  New route /api/v1/productCombo/addCategory conflicts with existing /api/v1/productCombo/addCategory","name":"AssertError","stack":"AssertError: New route /api/v1/productCombo/addCategory conflicts with existing /api/v1/productCombo/addCategory\n    at module.exports.internals.Segment.internals.Segment.add (C:\\Users\\VIJAY L\\Desktop\\Carma Cusaine\\KARMA-CUISINES-BACKEND\\node_modules\\@hapi\\call\\lib\\segment.js:47:14)\n    at exports.Router.internals.Router.internals.Router.add (C:\\Users\\VIJAY L\\Desktop\\Carma Cusaine\\KARMA-CUISINES-BACKEND\\node_modules\\@hapi\\call\\lib\\index.js:65:16)\n    at internals.Server._addRoute (C:\\Users\\VIJAY L\\Desktop\\Carma Cusaine\\KARMA-CUISINES-BACKEND\\node_modules\\@hapi\\hapi\\lib\\server.js:529:46)\n    at internals.Server.route (C:\\Users\\VIJAY L\\Desktop\\Carma Cusaine\\KARMA-CUISINES-BACKEND\\node_modules\\@hapi\\hapi\\lib\\server.js:518:22)\n    at C:\\Users\\VIJAY L\\Desktop\\Carma Cusaine\\KARMA-CUISINES-BACKEND\\src\\api\\productAndCombo\\routes.ts:12:14\n    at new Promise (<anonymous>)\n    at productComboRoutesNew.<anonymous> (C:\\Users\\VIJAY L\\Desktop\\Carma Cusaine\\KARMA-CUISINES-BACKEND\\src\\api\\productAndCombo\\routes.ts:10:12)\n    at Generator.next (<anonymous>)\n    at C:\\Users\\VIJAY L\\Desktop\\Carma Cusaine\\KARMA-CUISINES-BACKEND\\src\\api\\productAndCombo\\routes.ts:8:71\n    at new Promise (<anonymous>)","timestamp":"2025-04-21T15:45:26.753Z"}
{"level":"info","message":"Server running --- from server.ts","timestamp":"2025-04-21T15:45:31.278Z"}
{"level":"info","message":"Server running --- from server.ts","timestamp":"2025-04-21T15:45:42.872Z"}
{"level":"info","message":"Server running --- from server.ts","timestamp":"2025-04-21T15:47:06.423Z"}
{"level":"info","message":"Add New Food Category","timestamp":"2025-04-21T15:47:06.585Z"}
{"level":"info","message":"Server running --- from server.ts","timestamp":"2025-04-21T15:47:22.623Z"}
{"level":"info","message":"Add New Food Category","timestamp":"2025-04-21T15:47:24.382Z"}
{"level":"info","message":"Server running --- from server.ts","timestamp":"2025-04-21T15:47:36.968Z"}
{"level":"error","message":"Server not running ---  New route /api/v1/productCombo/getCategory conflicts with existing /api/v1/productCombo/getCategory","name":"AssertError","stack":"AssertError: New route /api/v1/productCombo/getCategory conflicts with existing /api/v1/productCombo/getCategory\n    at module.exports.internals.Segment.internals.Segment.add (C:\\Users\\VIJAY L\\Desktop\\Carma Cusaine\\KARMA-CUISINES-BACKEND\\node_modules\\@hapi\\call\\lib\\segment.js:47:14)\n    at exports.Router.internals.Router.internals.Router.add (C:\\Users\\VIJAY L\\Desktop\\Carma Cusaine\\KARMA-CUISINES-BACKEND\\node_modules\\@hapi\\call\\lib\\index.js:65:16)\n    at internals.Server._addRoute (C:\\Users\\VIJAY L\\Desktop\\Carma Cusaine\\KARMA-CUISINES-BACKEND\\node_modules\\@hapi\\hapi\\lib\\server.js:529:46)\n    at internals.Server.route (C:\\Users\\VIJAY L\\Desktop\\Carma Cusaine\\KARMA-CUISINES-BACKEND\\node_modules\\@hapi\\hapi\\lib\\server.js:518:22)\n    at C:\\Users\\VIJAY L\\Desktop\\Carma Cusaine\\KARMA-CUISINES-BACKEND\\src\\api\\productAndCombo\\routes.ts:12:14\n    at new Promise (<anonymous>)\n    at productComboRoutesNew.<anonymous> (C:\\Users\\VIJAY L\\Desktop\\Carma Cusaine\\KARMA-CUISINES-BACKEND\\src\\api\\productAndCombo\\routes.ts:10:12)\n    at Generator.next (<anonymous>)\n    at C:\\Users\\VIJAY L\\Desktop\\Carma Cusaine\\KARMA-CUISINES-BACKEND\\src\\api\\productAndCombo\\routes.ts:8:71\n    at new Promise (<anonymous>)","timestamp":"2025-04-21T15:47:48.815Z"}
{"level":"info","message":"Server running --- from server.ts","timestamp":"2025-04-21T15:47:59.475Z"}
{"level":"info","message":"Server running --- from server.ts","timestamp":"2025-04-21T15:48:58.977Z"}
{"level":"info","message":"Server running --- from server.ts","timestamp":"2025-04-21T15:49:04.736Z"}
{"level":"info","message":"Server running --- from server.ts","timestamp":"2025-04-21T15:49:17.633Z"}
{"level":"info","message":"Server running --- from server.ts","timestamp":"2025-04-21T15:49:23.924Z"}
{"level":"info","message":"Server running --- from server.ts","timestamp":"2025-04-21T15:53:29.016Z"}
{"level":"info","message":"Server running --- from server.ts","timestamp":"2025-04-21T15:53:32.956Z"}
{"level":"info","message":"Server running --- from server.ts","timestamp":"2025-04-21T15:53:37.527Z"}
{"level":"info","message":"Server running --- from server.ts","timestamp":"2025-04-21T15:55:28.974Z"}
{"level":"info","message":"Server running --- from server.ts","timestamp":"2025-04-21T15:57:04.981Z"}
{"level":"info","message":"Server running --- from server.ts","timestamp":"2025-04-21T15:57:11.533Z"}
{"level":"info","message":"Server running --- from server.ts","timestamp":"2025-04-21T15:57:19.483Z"}
{"level":"info","message":"Server running --- from server.ts","timestamp":"2025-04-21T15:57:24.199Z"}
{"level":"info","message":"Server running --- from server.ts","timestamp":"2025-04-21T15:57:40.354Z"}
{"level":"info","message":"Server running --- from server.ts","timestamp":"2025-04-21T15:57:44.964Z"}
{"level":"info","message":"Server running --- from server.ts","timestamp":"2025-04-21T15:57:59.029Z"}
{"level":"info","message":"Server running --- from server.ts","timestamp":"2025-04-21T15:58:12.723Z"}
{"level":"info","message":"Server running --- from server.ts","timestamp":"2025-04-21T15:58:23.846Z"}
{"level":"info","message":"Server running --- from server.ts","timestamp":"2025-04-21T15:58:34.433Z"}
{"level":"info","message":"Server running --- from server.ts","timestamp":"2025-04-21T15:58:40.809Z"}
{"level":"info","message":"Server running --- from server.ts","timestamp":"2025-04-21T15:58:57.505Z"}
{"level":"info","message":"Server running --- from server.ts","timestamp":"2025-04-21T15:59:10.869Z"}
{"level":"info","message":"Server running --- from server.ts","timestamp":"2025-04-21T15:59:18.088Z"}
{"level":"info","message":"Server running --- from server.ts","timestamp":"2025-04-21T15:59:28.866Z"}
{"level":"info","message":"Server running --- from server.ts","timestamp":"2025-04-21T15:59:37.976Z"}
{"level":"info","message":"Server running --- from server.ts","timestamp":"2025-04-21T15:59:50.437Z"}
{"level":"info","message":"Server running --- from server.ts","timestamp":"2025-04-21T15:59:57.060Z"}
{"level":"info","message":"Add New Food Category","timestamp":"2025-04-21T16:01:26.691Z"}
{"level":"info","message":"Server running --- from server.ts","timestamp":"2025-04-21T16:02:42.358Z"}
{"level":"info","message":"Server running --- from server.ts","timestamp":"2025-04-21T16:02:49.792Z"}
{"level":"info","message":"Server running --- from server.ts","timestamp":"2025-04-21T16:03:01.323Z"}
{"level":"info","message":"Server running --- from server.ts","timestamp":"2025-04-21T16:03:10.260Z"}
{"level":"error","message":"Server not running ---  New route /api/v1/productCombo/updateCategory conflicts with existing /api/v1/productCombo/updateCategory","name":"AssertError","stack":"AssertError: New route /api/v1/productCombo/updateCategory conflicts with existing /api/v1/productCombo/updateCategory\n    at module.exports.internals.Segment.internals.Segment.add (C:\\Users\\VIJAY L\\Desktop\\Carma Cusaine\\KARMA-CUISINES-BACKEND\\node_modules\\@hapi\\call\\lib\\segment.js:47:14)\n    at exports.Router.internals.Router.internals.Router.add (C:\\Users\\VIJAY L\\Desktop\\Carma Cusaine\\KARMA-CUISINES-BACKEND\\node_modules\\@hapi\\call\\lib\\index.js:65:16)\n    at internals.Server._addRoute (C:\\Users\\VIJAY L\\Desktop\\Carma Cusaine\\KARMA-CUISINES-BACKEND\\node_modules\\@hapi\\hapi\\lib\\server.js:529:46)\n    at internals.Server.route (C:\\Users\\VIJAY L\\Desktop\\Carma Cusaine\\KARMA-CUISINES-BACKEND\\node_modules\\@hapi\\hapi\\lib\\server.js:518:22)\n    at C:\\Users\\VIJAY L\\Desktop\\Carma Cusaine\\KARMA-CUISINES-BACKEND\\src\\api\\productAndCombo\\routes.ts:12:14\n    at new Promise (<anonymous>)\n    at productComboRoutesNew.<anonymous> (C:\\Users\\VIJAY L\\Desktop\\Carma Cusaine\\KARMA-CUISINES-BACKEND\\src\\api\\productAndCombo\\routes.ts:10:12)\n    at Generator.next (<anonymous>)\n    at C:\\Users\\VIJAY L\\Desktop\\Carma Cusaine\\KARMA-CUISINES-BACKEND\\src\\api\\productAndCombo\\routes.ts:8:71\n    at new Promise (<anonymous>)","timestamp":"2025-04-21T17:57:38.750Z"}
{"level":"info","message":"Server running --- from server.ts","timestamp":"2025-04-21T17:58:37.510Z"}
{"level":"info","message":"Server running --- from server.ts","timestamp":"2025-04-21T17:58:56.264Z"}
{"level":"info","message":"Server running --- from server.ts","timestamp":"2025-04-21T17:59:05.336Z"}
{"level":"info","message":"Server running --- from server.ts","timestamp":"2025-04-21T17:59:19.993Z"}
{"level":"info","message":"Server running --- from server.ts","timestamp":"2025-04-21T17:59:35.741Z"}
{"level":"info","message":"Server running --- from server.ts","timestamp":"2025-04-21T18:00:21.335Z"}
{"level":"info","message":"Server running --- from server.ts","timestamp":"2025-04-21T18:01:00.214Z"}
{"level":"info","message":"Server running --- from server.ts","timestamp":"2025-04-21T18:01:07.970Z"}
{"level":"info","message":"Server running --- from server.ts","timestamp":"2025-04-21T18:01:26.547Z"}
{"level":"info","message":"Server running --- from server.ts","timestamp":"2025-04-21T18:01:48.492Z"}
{"level":"info","message":"Server running --- from server.ts","timestamp":"2025-04-21T18:01:54.584Z"}
{"level":"info","message":"Server running --- from server.ts","timestamp":"2025-04-21T18:02:09.665Z"}
{"level":"info","message":"Add New Food Category","timestamp":"2025-04-21T18:03:05.721Z"}
{"level":"info","message":"Server running --- from server.ts","timestamp":"2025-04-21T18:03:43.305Z"}
{"level":"info","message":"Add New Food Category","timestamp":"2025-04-21T18:04:14.644Z"}
{"level":"info","message":"Server running --- from server.ts","timestamp":"2025-04-21T18:07:44.438Z"}
{"level":"error","message":"Server not running ---  New route /api/v1/productCombo/searchFood conflicts with existing /api/v1/productCombo/searchFood","name":"AssertError","stack":"AssertError: New route /api/v1/productCombo/searchFood conflicts with existing /api/v1/productCombo/searchFood\n    at module.exports.internals.Segment.internals.Segment.add (C:\\Users\\VIJAY L\\Desktop\\Carma Cusaine\\KARMA-CUISINES-BACKEND\\node_modules\\@hapi\\call\\lib\\segment.js:47:14)\n    at exports.Router.internals.Router.internals.Router.add (C:\\Users\\VIJAY L\\Desktop\\Carma Cusaine\\KARMA-CUISINES-BACKEND\\node_modules\\@hapi\\call\\lib\\index.js:65:16)\n    at internals.Server._addRoute (C:\\Users\\VIJAY L\\Desktop\\Carma Cusaine\\KARMA-CUISINES-BACKEND\\node_modules\\@hapi\\hapi\\lib\\server.js:529:46)\n    at internals.Server.route (C:\\Users\\VIJAY L\\Desktop\\Carma Cusaine\\KARMA-CUISINES-BACKEND\\node_modules\\@hapi\\hapi\\lib\\server.js:518:22)\n    at C:\\Users\\VIJAY L\\Desktop\\Carma Cusaine\\KARMA-CUISINES-BACKEND\\src\\api\\productAndCombo\\routes.ts:12:14\n    at new Promise (<anonymous>)\n    at productComboRoutesNew.<anonymous> (C:\\Users\\VIJAY L\\Desktop\\Carma Cusaine\\KARMA-CUISINES-BACKEND\\src\\api\\productAndCombo\\routes.ts:10:12)\n    at Generator.next (<anonymous>)\n    at C:\\Users\\VIJAY L\\Desktop\\Carma Cusaine\\KARMA-CUISINES-BACKEND\\src\\api\\productAndCombo\\routes.ts:8:71\n    at new Promise (<anonymous>)","timestamp":"2025-04-21T18:09:29.427Z"}
{"level":"info","message":"Server running --- from server.ts","timestamp":"2025-04-21T18:09:36.288Z"}
{"level":"info","message":"Server running --- from server.ts","timestamp":"2025-04-21T18:09:45.377Z"}
{"level":"info","message":"Server running --- from server.ts","timestamp":"2025-04-21T18:10:05.924Z"}
{"level":"info","message":"Server running --- from server.ts","timestamp":"2025-04-21T18:10:21.845Z"}
{"level":"info","message":"Server running --- from server.ts","timestamp":"2025-04-21T18:10:49.368Z"}
{"level":"info","message":"Server running --- from server.ts","timestamp":"2025-04-21T18:11:02.254Z"}
{"level":"info","message":"Server running --- from server.ts","timestamp":"2025-04-21T18:11:35.434Z"}
{"level":"info","message":"Server running --- from server.ts","timestamp":"2025-04-21T18:11:50.449Z"}
{"level":"info","message":"Server running --- from server.ts","timestamp":"2025-04-21T18:12:22.947Z"}
{"level":"info","message":"Server running --- from server.ts","timestamp":"2025-04-21T18:12:43.266Z"}
{"level":"info","message":"Server running --- from server.ts","timestamp":"2025-04-21T18:13:08.542Z"}
{"level":"info","message":"Server running --- from server.ts","timestamp":"2025-04-21T18:13:20.448Z"}
{"level":"info","message":"Server running --- from server.ts","timestamp":"2025-04-21T18:13:30.819Z"}
{"level":"info","message":"Server running --- from server.ts","timestamp":"2025-04-21T18:13:50.686Z"}
{"level":"info","message":"Server running --- from server.ts","timestamp":"2025-04-21T18:14:01.921Z"}
{"level":"info","message":"Server running --- from server.ts","timestamp":"2025-04-21T18:14:15.512Z"}
{"level":"info","message":"Server running --- from server.ts","timestamp":"2025-04-21T18:14:27.513Z"}
{"level":"info","message":"Server running --- from server.ts","timestamp":"2025-04-21T18:14:37.143Z"}
{"level":"info","message":"Add New Food Category","timestamp":"2025-04-21T18:17:30.207Z"}
{"level":"info","message":"Server running --- from server.ts","timestamp":"2025-04-21T18:18:09.189Z"}
{"level":"info","message":"Server running --- from server.ts","timestamp":"2025-04-21T18:18:20.538Z"}
{"level":"info","message":"Server running --- from server.ts","timestamp":"2025-04-21T18:19:38.085Z"}
{"level":"info","message":"Server running --- from server.ts","timestamp":"2025-04-21T18:20:09.488Z"}
{"level":"info","message":"Add New Food Category","timestamp":"2025-04-21T18:20:38.559Z"}
