{"level":"info","message":"Server running --- from server.ts","timestamp":"2025-01-06T05:55:06.331Z"}
{"level":"info","message":"Router-----store Address","timestamp":"2025-01-06T05:55:20.317Z"}
{"level":"info","message":"Router-----store Address","timestamp":"2025-01-06T06:02:44.678Z"}
{"level":"info","message":"Server running --- from server.ts","timestamp":"2025-01-06T06:05:15.476Z"}
{"level":"info","message":"Router-----store Address","timestamp":"2025-01-06T06:12:11.776Z"}
{"level":"info","message":"Server running --- from server.ts","timestamp":"2025-01-06T06:13:29.610Z"}
{"level":"info","message":"Router-----store Address","timestamp":"2025-01-06T06:13:57.464Z"}
{"level":"info","message":"Server running --- from server.ts","timestamp":"2025-01-06T06:15:00.966Z"}
{"level":"info","message":"Router-----store Address","timestamp":"2025-01-06T06:19:04.702Z"}
{"level":"info","message":"Server running --- from server.ts","timestamp":"2025-01-06T06:21:46.393Z"}
{"level":"error","message":"Server not running ---  New route /api/v1/vendorRoutes/RestaurentDocUplaod conflicts with existing /api/v1/vendorRoutes/RestaurentDocUplaod","name":"AssertError","stack":"AssertError: New route /api/v1/vendorRoutes/RestaurentDocUplaod conflicts with existing /api/v1/vendorRoutes/RestaurentDocUplaod\n    at module.exports.internals.Segment.internals.Segment.add (C:\\Users\\INDUMATHI\\Desktop\\KarmaCuisineBackend\\KARMA-CUISINE-BACKEND\\node_modules\\@hapi\\call\\lib\\segment.js:47:14)\n    at exports.Router.internals.Router.internals.Router.add (C:\\Users\\INDUMATHI\\Desktop\\KarmaCuisineBackend\\KARMA-CUISINE-BACKEND\\node_modules\\@hapi\\call\\lib\\index.js:65:16)\n    at internals.Server._addRoute (C:\\Users\\INDUMATHI\\Desktop\\KarmaCuisineBackend\\KARMA-CUISINE-BACKEND\\node_modules\\@hapi\\hapi\\lib\\server.js:529:46)\n    at internals.Server.route (C:\\Users\\INDUMATHI\\Desktop\\KarmaCuisineBackend\\KARMA-CUISINE-BACKEND\\node_modules\\@hapi\\hapi\\lib\\server.js:518:22)\n    at C:\\Users\\INDUMATHI\\Desktop\\KarmaCuisineBackend\\KARMA-CUISINE-BACKEND\\src\\api\\vendor\\routes.ts:14:14\n    at new Promise (<anonymous>)\n    at vendorRoutes.<anonymous> (C:\\Users\\INDUMATHI\\Desktop\\KarmaCuisineBackend\\KARMA-CUISINE-BACKEND\\src\\api\\vendor\\routes.ts:12:12)\n    at Generator.next (<anonymous>)\n    at C:\\Users\\INDUMATHI\\Desktop\\KarmaCuisineBackend\\KARMA-CUISINE-BACKEND\\src\\api\\vendor\\routes.ts:8:71\n    at new Promise (<anonymous>)","timestamp":"2025-01-06T06:21:53.570Z"}
{"level":"error","message":"Server not running ---  New route /api/v1/vendorRoutes/RestaurentDocUplaod conflicts with existing /api/v1/vendorRoutes/RestaurentDocUplaod","name":"AssertError","stack":"AssertError: New route /api/v1/vendorRoutes/RestaurentDocUplaod conflicts with existing /api/v1/vendorRoutes/RestaurentDocUplaod\n    at module.exports.internals.Segment.internals.Segment.add (C:\\Users\\INDUMATHI\\Desktop\\KarmaCuisineBackend\\KARMA-CUISINE-BACKEND\\node_modules\\@hapi\\call\\lib\\segment.js:47:14)\n    at exports.Router.internals.Router.internals.Router.add (C:\\Users\\INDUMATHI\\Desktop\\KarmaCuisineBackend\\KARMA-CUISINE-BACKEND\\node_modules\\@hapi\\call\\lib\\index.js:65:16)\n    at internals.Server._addRoute (C:\\Users\\INDUMATHI\\Desktop\\KarmaCuisineBackend\\KARMA-CUISINE-BACKEND\\node_modules\\@hapi\\hapi\\lib\\server.js:529:46)\n    at internals.Server.route (C:\\Users\\INDUMATHI\\Desktop\\KarmaCuisineBackend\\KARMA-CUISINE-BACKEND\\node_modules\\@hapi\\hapi\\lib\\server.js:518:22)\n    at C:\\Users\\INDUMATHI\\Desktop\\KarmaCuisineBackend\\KARMA-CUISINE-BACKEND\\src\\api\\vendor\\routes.ts:14:14\n    at new Promise (<anonymous>)\n    at vendorRoutes.<anonymous> (C:\\Users\\INDUMATHI\\Desktop\\KarmaCuisineBackend\\KARMA-CUISINE-BACKEND\\src\\api\\vendor\\routes.ts:12:12)\n    at Generator.next (<anonymous>)\n    at C:\\Users\\INDUMATHI\\Desktop\\KarmaCuisineBackend\\KARMA-CUISINE-BACKEND\\src\\api\\vendor\\routes.ts:8:71\n    at new Promise (<anonymous>)","timestamp":"2025-01-06T06:22:04.074Z"}
{"level":"error","message":"Server not running ---  New route /api/v1/vendorRoutes/RestaurentDocUplaod conflicts with existing /api/v1/vendorRoutes/RestaurentDocUplaod","name":"AssertError","stack":"AssertError: New route /api/v1/vendorRoutes/RestaurentDocUplaod conflicts with existing /api/v1/vendorRoutes/RestaurentDocUplaod\n    at module.exports.internals.Segment.internals.Segment.add (C:\\Users\\INDUMATHI\\Desktop\\KarmaCuisineBackend\\KARMA-CUISINE-BACKEND\\node_modules\\@hapi\\call\\lib\\segment.js:47:14)\n    at exports.Router.internals.Router.internals.Router.add (C:\\Users\\INDUMATHI\\Desktop\\KarmaCuisineBackend\\KARMA-CUISINE-BACKEND\\node_modules\\@hapi\\call\\lib\\index.js:65:16)\n    at internals.Server._addRoute (C:\\Users\\INDUMATHI\\Desktop\\KarmaCuisineBackend\\KARMA-CUISINE-BACKEND\\node_modules\\@hapi\\hapi\\lib\\server.js:529:46)\n    at internals.Server.route (C:\\Users\\INDUMATHI\\Desktop\\KarmaCuisineBackend\\KARMA-CUISINE-BACKEND\\node_modules\\@hapi\\hapi\\lib\\server.js:518:22)\n    at C:\\Users\\INDUMATHI\\Desktop\\KarmaCuisineBackend\\KARMA-CUISINE-BACKEND\\src\\api\\vendor\\routes.ts:14:14\n    at new Promise (<anonymous>)\n    at vendorRoutes.<anonymous> (C:\\Users\\INDUMATHI\\Desktop\\KarmaCuisineBackend\\KARMA-CUISINE-BACKEND\\src\\api\\vendor\\routes.ts:12:12)\n    at Generator.next (<anonymous>)\n    at C:\\Users\\INDUMATHI\\Desktop\\KarmaCuisineBackend\\KARMA-CUISINE-BACKEND\\src\\api\\vendor\\routes.ts:8:71\n    at new Promise (<anonymous>)","timestamp":"2025-01-06T06:22:08.053Z"}
{"level":"error","message":"Server not running ---  New route /api/v1/vendorRoutes/RestaurentDocUplaod conflicts with existing /api/v1/vendorRoutes/RestaurentDocUplaod","name":"AssertError","stack":"AssertError: New route /api/v1/vendorRoutes/RestaurentDocUplaod conflicts with existing /api/v1/vendorRoutes/RestaurentDocUplaod\n    at module.exports.internals.Segment.internals.Segment.add (C:\\Users\\INDUMATHI\\Desktop\\KarmaCuisineBackend\\KARMA-CUISINE-BACKEND\\node_modules\\@hapi\\call\\lib\\segment.js:47:14)\n    at exports.Router.internals.Router.internals.Router.add (C:\\Users\\INDUMATHI\\Desktop\\KarmaCuisineBackend\\KARMA-CUISINE-BACKEND\\node_modules\\@hapi\\call\\lib\\index.js:65:16)\n    at internals.Server._addRoute (C:\\Users\\INDUMATHI\\Desktop\\KarmaCuisineBackend\\KARMA-CUISINE-BACKEND\\node_modules\\@hapi\\hapi\\lib\\server.js:529:46)\n    at internals.Server.route (C:\\Users\\INDUMATHI\\Desktop\\KarmaCuisineBackend\\KARMA-CUISINE-BACKEND\\node_modules\\@hapi\\hapi\\lib\\server.js:518:22)\n    at C:\\Users\\INDUMATHI\\Desktop\\KarmaCuisineBackend\\KARMA-CUISINE-BACKEND\\src\\api\\vendor\\routes.ts:14:14\n    at new Promise (<anonymous>)\n    at vendorRoutes.<anonymous> (C:\\Users\\INDUMATHI\\Desktop\\KarmaCuisineBackend\\KARMA-CUISINE-BACKEND\\src\\api\\vendor\\routes.ts:12:12)\n    at Generator.next (<anonymous>)\n    at C:\\Users\\INDUMATHI\\Desktop\\KarmaCuisineBackend\\KARMA-CUISINE-BACKEND\\src\\api\\vendor\\routes.ts:8:71\n    at new Promise (<anonymous>)","timestamp":"2025-01-06T06:22:20.722Z"}
{"level":"error","message":"Server not running ---  New route /api/v1/vendorRoutes/RestaurentDocUplaod conflicts with existing /api/v1/vendorRoutes/RestaurentDocUplaod","name":"AssertError","stack":"AssertError: New route /api/v1/vendorRoutes/RestaurentDocUplaod conflicts with existing /api/v1/vendorRoutes/RestaurentDocUplaod\n    at module.exports.internals.Segment.internals.Segment.add (C:\\Users\\INDUMATHI\\Desktop\\KarmaCuisineBackend\\KARMA-CUISINE-BACKEND\\node_modules\\@hapi\\call\\lib\\segment.js:47:14)\n    at exports.Router.internals.Router.internals.Router.add (C:\\Users\\INDUMATHI\\Desktop\\KarmaCuisineBackend\\KARMA-CUISINE-BACKEND\\node_modules\\@hapi\\call\\lib\\index.js:65:16)\n    at internals.Server._addRoute (C:\\Users\\INDUMATHI\\Desktop\\KarmaCuisineBackend\\KARMA-CUISINE-BACKEND\\node_modules\\@hapi\\hapi\\lib\\server.js:529:46)\n    at internals.Server.route (C:\\Users\\INDUMATHI\\Desktop\\KarmaCuisineBackend\\KARMA-CUISINE-BACKEND\\node_modules\\@hapi\\hapi\\lib\\server.js:518:22)\n    at C:\\Users\\INDUMATHI\\Desktop\\KarmaCuisineBackend\\KARMA-CUISINE-BACKEND\\src\\api\\vendor\\routes.ts:14:14\n    at new Promise (<anonymous>)\n    at vendorRoutes.<anonymous> (C:\\Users\\INDUMATHI\\Desktop\\KarmaCuisineBackend\\KARMA-CUISINE-BACKEND\\src\\api\\vendor\\routes.ts:12:12)\n    at Generator.next (<anonymous>)\n    at C:\\Users\\INDUMATHI\\Desktop\\KarmaCuisineBackend\\KARMA-CUISINE-BACKEND\\src\\api\\vendor\\routes.ts:8:71\n    at new Promise (<anonymous>)","timestamp":"2025-01-06T06:22:24.300Z"}
{"level":"info","message":"Server running --- from server.ts","timestamp":"2025-01-06T06:22:31.824Z"}
{"level":"info","message":"Server running --- from server.ts","timestamp":"2025-01-06T06:22:35.403Z"}
{"level":"info","message":"Server running --- from server.ts","timestamp":"2025-01-06T06:22:42.043Z"}
{"level":"info","message":"Server running --- from server.ts","timestamp":"2025-01-06T06:22:47.622Z"}
{"level":"info","message":"Server running --- from server.ts","timestamp":"2025-01-06T06:22:52.075Z"}
{"level":"info","message":"Server running --- from server.ts","timestamp":"2025-01-06T06:23:01.350Z"}
{"level":"info","message":"Server running --- from server.ts","timestamp":"2025-01-06T06:23:06.887Z"}
{"level":"info","message":"Server running --- from server.ts","timestamp":"2025-01-06T06:23:18.284Z"}
{"level":"info","message":"Server running --- from server.ts","timestamp":"2025-01-06T06:23:26.237Z"}
{"level":"info","message":"Server running --- from server.ts","timestamp":"2025-01-06T06:25:41.337Z"}
{"level":"info","message":"Server running --- from server.ts","timestamp":"2025-01-06T06:26:33.064Z"}
{"level":"info","message":"Server running --- from server.ts","timestamp":"2025-01-06T06:26:35.886Z"}
{"level":"info","message":"Server running --- from server.ts","timestamp":"2025-01-06T06:26:42.750Z"}
{"level":"info","message":"Server running --- from server.ts","timestamp":"2025-01-06T06:26:51.610Z"}
{"level":"info","message":"Server running --- from server.ts","timestamp":"2025-01-06T06:27:41.646Z"}
{"level":"info","message":"Server running --- from server.ts","timestamp":"2025-01-06T06:27:50.837Z"}
{"level":"info","message":"Server running --- from server.ts","timestamp":"2025-01-06T06:27:55.127Z"}
{"level":"info","message":"Server running --- from server.ts","timestamp":"2025-01-06T06:28:00.465Z"}
{"level":"info","message":"Server running --- from server.ts","timestamp":"2025-01-06T06:28:05.309Z"}
{"level":"info","message":"Server running --- from server.ts","timestamp":"2025-01-06T06:32:00.780Z"}
{"level":"info","message":"Server running --- from server.ts","timestamp":"2025-01-06T06:32:08.338Z"}
{"level":"info","message":"Server running --- from server.ts","timestamp":"2025-01-06T06:32:18.326Z"}
{"level":"info","message":"Server running --- from server.ts","timestamp":"2025-01-06T06:32:26.348Z"}
{"level":"info","message":"Server running --- from server.ts","timestamp":"2025-01-06T06:32:34.119Z"}
{"level":"info","message":"Router-----store Address","timestamp":"2025-01-06T06:32:43.740Z"}
{"level":"info","message":"Server running --- from server.ts","timestamp":"2025-01-06T06:33:38.341Z"}
{"level":"info","message":"Server running --- from server.ts","timestamp":"2025-01-06T06:33:47.631Z"}
{"level":"info","message":"Server running --- from server.ts","timestamp":"2025-01-06T06:35:21.204Z"}
{"level":"info","message":"Server running --- from server.ts","timestamp":"2025-01-06T06:51:03.685Z"}
{"level":"info","message":"Server running --- from server.ts","timestamp":"2025-01-06T06:51:19.407Z"}
{"level":"info","message":"Server running --- from server.ts","timestamp":"2025-01-06T06:51:22.645Z"}
{"level":"info","message":"Server running --- from server.ts","timestamp":"2025-01-06T06:54:58.882Z"}
{"level":"info","message":"Server running --- from server.ts","timestamp":"2025-01-06T06:55:42.115Z"}
{"level":"info","message":"Server running --- from server.ts","timestamp":"2025-01-06T06:56:54.613Z"}
{"level":"info","message":"Server running --- from server.ts","timestamp":"2025-01-06T06:56:59.600Z"}
{"level":"info","message":"Server running --- from server.ts","timestamp":"2025-01-06T06:57:04.093Z"}
{"level":"info","message":"Router-----store Address","timestamp":"2025-01-06T07:00:04.676Z"}
{"level":"info","message":"Router-----store Address","timestamp":"2025-01-06T07:01:33.604Z"}
{"level":"info","message":"Server running --- from server.ts","timestamp":"2025-01-06T07:02:43.781Z"}
{"level":"info","message":"Server running --- from server.ts","timestamp":"2025-01-06T07:03:50.608Z"}
{"level":"info","message":"Router-----store Address","timestamp":"2025-01-06T07:04:19.699Z"}
{"level":"info","message":"Server running --- from server.ts","timestamp":"2025-01-06T07:05:35.906Z"}
{"level":"info","message":"Router-----store Address","timestamp":"2025-01-06T07:05:40.814Z"}
{"level":"info","message":"Server running --- from server.ts","timestamp":"2025-01-06T07:09:15.995Z"}
{"level":"info","message":"Router-----store Address","timestamp":"2025-01-06T07:09:17.786Z"}
{"level":"info","message":"Router-----store Address","timestamp":"2025-01-06T07:10:51.271Z"}
{"level":"error","message":"Error in store vendor social links: this.VendorRepository.LogoUplaodV1 is not a function","stack":"TypeError: this.VendorRepository.LogoUplaodV1 is not a function\n    at VendorResolver.<anonymous> (C:\\Users\\INDUMATHI\\Desktop\\KarmaCuisineBackend\\KARMA-CUISINE-BACKEND\\src\\api\\vendor\\resolver.ts:26:40)\n    at Generator.next (<anonymous>)\n    at C:\\Users\\INDUMATHI\\Desktop\\KarmaCuisineBackend\\KARMA-CUISINE-BACKEND\\src\\api\\vendor\\resolver.ts:8:71\n    at new Promise (<anonymous>)\n    at __awaiter (C:\\Users\\INDUMATHI\\Desktop\\KarmaCuisineBackend\\KARMA-CUISINE-BACKEND\\src\\api\\vendor\\resolver.ts:4:12)\n    at VendorResolver.LogoUplaodV1 (C:\\Users\\INDUMATHI\\Desktop\\KarmaCuisineBackend\\KARMA-CUISINE-BACKEND\\src\\api\\vendor\\resolver.ts:45:16)\n    at VendorProfile.<anonymous> (C:\\Users\\INDUMATHI\\Desktop\\KarmaCuisineBackend\\KARMA-CUISINE-BACKEND\\src\\api\\vendor\\controller.ts:173:36)\n    at Generator.next (<anonymous>)\n    at C:\\Users\\INDUMATHI\\Desktop\\KarmaCuisineBackend\\KARMA-CUISINE-BACKEND\\src\\api\\vendor\\controller.ts:8:71\n    at new Promise (<anonymous>)","timestamp":"2025-01-06T07:10:51.281Z"}
{"level":"info","message":"Server running --- from server.ts","timestamp":"2025-01-06T07:12:22.280Z"}
{"level":"info","message":"Server running --- from server.ts","timestamp":"2025-01-06T07:12:28.681Z"}
{"level":"info","message":"Server running --- from server.ts","timestamp":"2025-01-06T07:12:41.538Z"}
{"level":"info","message":"Server running --- from server.ts","timestamp":"2025-01-06T07:12:44.815Z"}
{"level":"info","message":"Router-----store Address","timestamp":"2025-01-06T07:13:21.126Z"}
{"level":"info","message":"Server running --- from server.ts","timestamp":"2025-01-06T07:13:43.928Z"}
{"level":"info","message":"Router-----store Address","timestamp":"2025-01-06T07:13:46.600Z"}
{"level":"info","message":"Router-----store Address","timestamp":"2025-01-06T07:14:08.342Z"}
{"level":"info","message":"Server running --- from server.ts","timestamp":"2025-01-06T07:16:58.972Z"}
{"level":"info","message":"Server running --- from server.ts","timestamp":"2025-01-06T07:25:10.036Z"}
{"level":"info","message":"Router-----store Address","timestamp":"2025-01-06T07:25:22.038Z"}
{"level":"info","message":"Server running --- from server.ts","timestamp":"2025-01-06T07:26:37.791Z"}
{"level":"info","message":"Server running --- from server.ts","timestamp":"2025-01-06T07:26:45.606Z"}
{"level":"info","message":"Server running --- from server.ts","timestamp":"2025-01-06T07:27:05.153Z"}
{"level":"info","message":"Server running --- from server.ts","timestamp":"2025-01-06T07:27:10.035Z"}
{"level":"info","message":"Server running --- from server.ts","timestamp":"2025-01-06T07:27:18.980Z"}
{"level":"info","message":"Server running --- from server.ts","timestamp":"2025-01-06T07:27:30.787Z"}
{"level":"info","message":"Server running --- from server.ts","timestamp":"2025-01-06T07:27:42.562Z"}
{"level":"info","message":"Server running --- from server.ts","timestamp":"2025-01-06T07:27:50.006Z"}
{"level":"info","message":"Server running --- from server.ts","timestamp":"2025-01-06T07:27:53.008Z"}
{"level":"info","message":"Router-----store Address","timestamp":"2025-01-06T07:28:09.490Z"}
{"level":"info","message":"Server running --- from server.ts","timestamp":"2025-01-06T07:28:51.930Z"}
{"level":"info","message":"Router-----store Address","timestamp":"2025-01-06T07:28:52.329Z"}
{"level":"info","message":"Server running --- from server.ts","timestamp":"2025-01-06T07:29:43.908Z"}
{"level":"info","message":"Router-----store Address","timestamp":"2025-01-06T07:29:47.331Z"}
{"level":"info","message":"Server running --- from server.ts","timestamp":"2025-01-06T07:30:01.393Z"}
{"level":"info","message":"Router-----store Address","timestamp":"2025-01-06T07:30:04.384Z"}
{"level":"info","message":"Server running --- from server.ts","timestamp":"2025-01-06T07:30:26.160Z"}
{"level":"info","message":"Router-----store Address","timestamp":"2025-01-06T07:30:36.114Z"}
{"level":"info","message":"Server running --- from server.ts","timestamp":"2025-01-06T07:30:56.524Z"}
{"level":"info","message":"Router-----store Address","timestamp":"2025-01-06T07:31:03.777Z"}
{"level":"info","message":"Server running --- from server.ts","timestamp":"2025-01-06T07:32:01.118Z"}
{"level":"info","message":"Server running --- from server.ts","timestamp":"2025-01-06T07:32:14.753Z"}
{"level":"info","message":"Router-----store Address","timestamp":"2025-01-06T07:32:21.143Z"}
{"level":"info","message":"Server running --- from server.ts","timestamp":"2025-01-06T07:33:08.683Z"}
{"level":"info","message":"Server running --- from server.ts","timestamp":"2025-01-06T07:33:11.238Z"}
{"level":"info","message":"Server running --- from server.ts","timestamp":"2025-01-06T07:33:15.160Z"}
{"level":"info","message":"Router-----store Address","timestamp":"2025-01-06T07:33:21.283Z"}
{"level":"info","message":"Server running --- from server.ts","timestamp":"2025-01-06T07:33:43.618Z"}
{"level":"info","message":"Router-----store Address","timestamp":"2025-01-06T07:33:49.106Z"}
{"level":"info","message":"Server running --- from server.ts","timestamp":"2025-01-06T07:34:02.710Z"}
{"level":"info","message":"Router-----store Address","timestamp":"2025-01-06T07:34:07.905Z"}
{"level":"info","message":"Server running --- from server.ts","timestamp":"2025-01-06T07:34:36.240Z"}
{"level":"info","message":"Server running --- from server.ts","timestamp":"2025-01-06T07:34:47.921Z"}
{"level":"info","message":"Server running --- from server.ts","timestamp":"2025-01-06T07:34:54.187Z"}
{"level":"info","message":"Server running --- from server.ts","timestamp":"2025-01-06T07:35:00.405Z"}
{"level":"info","message":"Server running --- from server.ts","timestamp":"2025-01-06T07:35:03.212Z"}
{"level":"info","message":"Server running --- from server.ts","timestamp":"2025-01-06T07:35:11.514Z"}
{"level":"info","message":"Server running --- from server.ts","timestamp":"2025-01-06T07:35:16.181Z"}
{"level":"info","message":"Router-----store Address","timestamp":"2025-01-06T07:35:20.677Z"}
{"level":"info","message":"Server running --- from server.ts","timestamp":"2025-01-06T07:36:13.219Z"}
{"level":"info","message":"Server running --- from server.ts","timestamp":"2025-01-06T07:36:18.994Z"}
{"level":"info","message":"Server running --- from server.ts","timestamp":"2025-01-06T07:36:23.386Z"}
{"level":"info","message":"Router-----store Address","timestamp":"2025-01-06T07:36:26.084Z"}
{"level":"info","message":"Server running --- from server.ts","timestamp":"2025-01-06T07:39:56.307Z"}
{"level":"info","message":"Server running --- from server.ts","timestamp":"2025-01-06T07:39:59.900Z"}
{"level":"info","message":"Server running --- from server.ts","timestamp":"2025-01-06T07:40:44.504Z"}
{"level":"info","message":"Server running --- from server.ts","timestamp":"2025-01-06T07:43:32.336Z"}
{"level":"info","message":"Server running --- from server.ts","timestamp":"2025-01-06T07:44:06.256Z"}
{"level":"info","message":"Server running --- from server.ts","timestamp":"2025-01-06T07:45:38.351Z"}
{"level":"info","message":"Server running --- from server.ts","timestamp":"2025-01-06T07:45:45.102Z"}
{"level":"info","message":"Router-----store Address","timestamp":"2025-01-06T07:45:49.378Z"}
{"level":"info","message":"Server running --- from server.ts","timestamp":"2025-01-06T07:47:15.951Z"}
{"level":"info","message":"Server running --- from server.ts","timestamp":"2025-01-06T07:53:37.430Z"}
{"level":"info","message":"Server running --- from server.ts","timestamp":"2025-01-06T07:53:57.939Z"}
{"level":"info","message":"Router-----store Address","timestamp":"2025-01-06T07:53:59.114Z"}
{"level":"info","message":"Server running --- from server.ts","timestamp":"2025-01-06T07:56:00.540Z"}
{"level":"info","message":"Server running --- from server.ts","timestamp":"2025-01-06T07:56:17.521Z"}
{"level":"info","message":"Router-----store Address","timestamp":"2025-01-06T07:56:30.324Z"}
{"level":"info","message":"Server running --- from server.ts","timestamp":"2025-01-06T07:57:47.275Z"}
{"level":"info","message":"Server running --- from server.ts","timestamp":"2025-01-06T07:57:52.172Z"}
{"level":"info","message":"Server running --- from server.ts","timestamp":"2025-01-06T07:57:58.167Z"}
{"level":"info","message":"Router-----store Address","timestamp":"2025-01-06T07:57:59.649Z"}
{"level":"info","message":"Server running --- from server.ts","timestamp":"2025-01-06T07:59:54.603Z"}
{"level":"info","message":"Server running --- from server.ts","timestamp":"2025-01-06T08:04:37.327Z"}
{"level":"info","message":"Server running --- from server.ts","timestamp":"2025-01-06T08:08:39.888Z"}
{"level":"info","message":"Server running --- from server.ts","timestamp":"2025-01-06T08:08:47.761Z"}
{"level":"info","message":"Server running --- from server.ts","timestamp":"2025-01-06T08:09:02.498Z"}
{"level":"info","message":"Router-----store Address","timestamp":"2025-01-06T08:12:03.850Z"}
{"level":"info","message":"Router-----store Address","timestamp":"2025-01-06T08:12:26.079Z"}
{"level":"info","message":"Server running --- from server.ts","timestamp":"2025-01-06T08:13:03.224Z"}
{"level":"info","message":"Router-----store Address","timestamp":"2025-01-06T08:13:11.639Z"}
{"level":"info","message":"Router-----store Address","timestamp":"2025-01-06T08:16:36.103Z"}
{"level":"info","message":"Server running --- from server.ts","timestamp":"2025-01-06T08:22:09.567Z"}
{"level":"info","message":"Server running --- from server.ts","timestamp":"2025-01-06T09:32:15.801Z"}
{"level":"info","message":"Server running --- from server.ts","timestamp":"2025-01-06T09:35:44.152Z"}
{"level":"info","message":"Server running --- from server.ts","timestamp":"2025-01-06T09:43:27.279Z"}
{"level":"info","message":"Server running --- from server.ts","timestamp":"2025-01-06T09:43:57.415Z"}
{"level":"info","message":"Server running --- from server.ts","timestamp":"2025-01-06T09:47:20.242Z"}
{"level":"info","message":"Server running --- from server.ts","timestamp":"2025-01-06T09:47:33.878Z"}
{"level":"info","message":"Server running --- from server.ts","timestamp":"2025-01-06T09:47:40.356Z"}
{"level":"info","message":"Server running --- from server.ts","timestamp":"2025-01-06T09:51:00.852Z"}
{"level":"info","message":"Server running --- from server.ts","timestamp":"2025-01-06T09:51:09.064Z"}
{"level":"info","message":"Server running --- from server.ts","timestamp":"2025-01-06T09:51:14.337Z"}
{"level":"info","message":"Router-----store Address","timestamp":"2025-01-06T09:52:34.843Z"}
{"level":"info","message":"Server running --- from server.ts","timestamp":"2025-01-06T09:56:10.578Z"}
{"level":"info","message":"Router-----store Address","timestamp":"2025-01-06T09:58:01.592Z"}
{"level":"info","message":"Router-----store Address","timestamp":"2025-01-06T09:58:40.549Z"}
{"level":"info","message":"Router-----store Address","timestamp":"2025-01-06T10:08:15.661Z"}
{"level":"info","message":"Server running --- from server.ts","timestamp":"2025-01-06T10:10:07.190Z"}
{"level":"info","message":"Server running --- from server.ts","timestamp":"2025-01-06T10:10:33.550Z"}
{"level":"info","message":"Router-----store Address","timestamp":"2025-01-06T10:11:32.155Z"}
{"level":"info","message":"Router-----store Address","timestamp":"2025-01-06T10:12:25.007Z"}
{"level":"info","message":"Server running --- from server.ts","timestamp":"2025-01-06T10:20:30.894Z"}
{"level":"info","message":"Server running --- from server.ts","timestamp":"2025-01-06T10:27:37.740Z"}
{"level":"info","message":"Server running --- from server.ts","timestamp":"2025-01-06T10:28:06.968Z"}
{"level":"info","message":"Server running --- from server.ts","timestamp":"2025-01-06T10:40:35.487Z"}
{"level":"info","message":"Server running --- from server.ts","timestamp":"2025-01-06T10:40:52.900Z"}
{"level":"info","message":"Server running --- from server.ts","timestamp":"2025-01-06T10:43:24.243Z"}
{"level":"info","message":"Server running --- from server.ts","timestamp":"2025-01-06T10:43:37.170Z"}
{"level":"info","message":"Server running --- from server.ts","timestamp":"2025-01-06T10:43:42.382Z"}
{"level":"info","message":"Server running --- from server.ts","timestamp":"2025-01-06T10:43:47.923Z"}
{"level":"info","message":"Server running --- from server.ts","timestamp":"2025-01-06T10:43:52.058Z"}
{"level":"info","message":"Server running --- from server.ts","timestamp":"2025-01-06T10:43:56.295Z"}
{"level":"info","message":"Server running --- from server.ts","timestamp":"2025-01-06T11:09:15.566Z"}
{"level":"info","message":"Server running --- from server.ts","timestamp":"2025-01-06T11:09:43.957Z"}
{"level":"info","message":"Server running --- from server.ts","timestamp":"2025-01-06T11:10:07.610Z"}
{"level":"info","message":"Server running --- from server.ts","timestamp":"2025-01-06T11:10:20.553Z"}
{"level":"info","message":"Server running --- from server.ts","timestamp":"2025-01-06T11:36:03.196Z"}
{"level":"info","message":"Server running --- from server.ts","timestamp":"2025-01-06T11:36:26.667Z"}
{"level":"info","message":"Server running --- from server.ts","timestamp":"2025-01-06T11:57:46.536Z"}
{"level":"info","message":"Server running --- from server.ts","timestamp":"2025-01-06T11:57:54.862Z"}
{"level":"info","message":"Server running --- from server.ts","timestamp":"2025-01-06T11:59:33.889Z"}
{"level":"info","message":"Server running --- from server.ts","timestamp":"2025-01-06T11:59:38.050Z"}
{"level":"info","message":"Server running --- from server.ts","timestamp":"2025-01-06T11:59:45.710Z"}
{"level":"info","message":"Server running --- from server.ts","timestamp":"2025-01-06T12:00:33.495Z"}
{"level":"info","message":"Server running --- from server.ts","timestamp":"2025-01-06T12:02:45.013Z"}
{"level":"info","message":"Server running --- from server.ts","timestamp":"2025-01-06T12:02:50.633Z"}
{"level":"info","message":"Server running --- from server.ts","timestamp":"2025-01-06T12:03:17.177Z"}
{"level":"info","message":"Server running --- from server.ts","timestamp":"2025-01-06T12:03:53.957Z"}
{"level":"info","message":"Server running --- from server.ts","timestamp":"2025-01-06T12:03:58.134Z"}
{"level":"info","message":"Server running --- from server.ts","timestamp":"2025-01-06T12:04:26.949Z"}
{"level":"info","message":"Server running --- from server.ts","timestamp":"2025-01-06T12:04:38.578Z"}
{"level":"info","message":"Server running --- from server.ts","timestamp":"2025-01-06T12:05:14.639Z"}
{"level":"info","message":"Server running --- from server.ts","timestamp":"2025-01-06T12:05:23.938Z"}
{"level":"info","message":"Server running --- from server.ts","timestamp":"2025-01-06T12:05:39.103Z"}
{"level":"info","message":"Router-----store Address","timestamp":"2025-01-06T12:29:54.803Z"}
{"level":"info","message":"Server running --- from server.ts","timestamp":"2025-01-06T12:35:57.949Z"}
{"level":"info","message":"Router-----store Vendor Documents","timestamp":"2025-01-06T12:38:12.652Z"}
{"level":"info","message":"Router-----store Vendor Documents","timestamp":"2025-01-06T12:38:33.836Z"}
{"level":"info","message":"Server running --- from server.ts","timestamp":"2025-01-06T12:39:33.340Z"}
{"level":"info","message":"Server running --- from server.ts","timestamp":"2025-01-06T12:39:37.501Z"}
{"level":"info","message":"Router-----store Vendor Documents","timestamp":"2025-01-06T12:39:42.834Z"}
{"level":"info","message":"Router-----store Vendor Documents","timestamp":"2025-01-06T12:41:29.968Z"}
{"level":"info","message":"Router-----store Vendor Documents","timestamp":"2025-01-06T12:41:56.210Z"}
