{"level":"info","message":"Server running --- from server.ts","timestamp":"2025-01-16T06:14:09.730Z"}
{"level":"info","message":"Router ------------","timestamp":"2025-01-16T06:14:12.923Z"}
{"level":"info","message":"Server running --- from server.ts","timestamp":"2025-01-16T06:21:14.877Z"}
{"level":"info","message":"Server running --- from server.ts","timestamp":"2025-01-16T06:21:50.303Z"}
{"level":"info","message":"Server running --- from server.ts","timestamp":"2025-01-16T06:22:01.614Z"}
{"level":"info","message":"Server running --- from server.ts","timestamp":"2025-01-16T06:22:06.558Z"}
{"level":"info","message":"Server running --- from server.ts","timestamp":"2025-01-16T06:22:11.851Z"}
{"level":"info","message":"Server running --- from server.ts","timestamp":"2025-01-16T06:22:21.406Z"}
{"level":"info","message":"Server running --- from server.ts","timestamp":"2025-01-16T06:22:31.558Z"}
{"level":"info","message":"Server running --- from server.ts","timestamp":"2025-01-16T06:22:38.079Z"}
{"level":"info","message":"Server running --- from server.ts","timestamp":"2025-01-16T06:22:42.791Z"}
{"level":"info","message":"Server running --- from server.ts","timestamp":"2025-01-16T06:22:52.032Z"}
{"level":"info","message":"Server running --- from server.ts","timestamp":"2025-01-16T06:27:43.509Z"}
{"level":"info","message":"Server running --- from server.ts","timestamp":"2025-01-16T06:28:03.953Z"}
{"level":"info","message":"Server running --- from server.ts","timestamp":"2025-01-16T06:28:15.028Z"}
{"level":"info","message":"Server running --- from server.ts","timestamp":"2025-01-16T06:28:21.602Z"}
{"level":"info","message":"Server running --- from server.ts","timestamp":"2025-01-16T06:28:27.721Z"}
{"level":"info","message":"Router-----store Address","timestamp":"2025-01-16T06:28:30.433Z"}
{"level":"info","message":"Router-----store Address","timestamp":"2025-01-16T06:30:22.619Z"}
{"level":"info","message":"Router-----store Address","timestamp":"2025-01-16T06:31:17.191Z"}
{"level":"info","message":"Server running --- from server.ts","timestamp":"2025-01-16T06:32:36.557Z"}
{"level":"info","message":"Server running --- from server.ts","timestamp":"2025-01-16T06:32:39.729Z"}
{"level":"info","message":"Router-----store Address","timestamp":"2025-01-16T06:32:41.672Z"}
{"level":"info","message":"Server running --- from server.ts","timestamp":"2025-01-16T06:37:58.729Z"}
{"level":"info","message":"Server running --- from server.ts","timestamp":"2025-01-16T06:38:13.701Z"}
{"level":"info","message":"Router-----store Address","timestamp":"2025-01-16T06:41:41.431Z"}
{"level":"info","message":"Server running --- from server.ts","timestamp":"2025-01-16T06:42:18.383Z"}
{"level":"info","message":"Server running --- from server.ts","timestamp":"2025-01-16T06:42:26.127Z"}
{"level":"info","message":"Router-----store Address","timestamp":"2025-01-16T06:42:27.321Z"}
{"level":"info","message":"Server running --- from server.ts","timestamp":"2025-01-16T06:45:12.724Z"}
{"level":"info","message":"Server running --- from server.ts","timestamp":"2025-01-16T06:45:54.221Z"}
{"level":"info","message":"Server running --- from server.ts","timestamp":"2025-01-16T06:46:12.886Z"}
{"level":"info","message":"Server running --- from server.ts","timestamp":"2025-01-16T06:46:50.128Z"}
{"level":"info","message":"Server running --- from server.ts","timestamp":"2025-01-16T06:47:08.829Z"}
{"level":"info","message":"Server running --- from server.ts","timestamp":"2025-01-16T06:47:45.676Z"}
{"level":"info","message":"Server running --- from server.ts","timestamp":"2025-01-16T06:48:06.204Z"}
{"level":"info","message":"Router-----store Address","timestamp":"2025-01-16T06:53:09.220Z"}
{"level":"info","message":"Server running --- from server.ts","timestamp":"2025-01-16T06:53:57.955Z"}
{"level":"info","message":"Server running --- from server.ts","timestamp":"2025-01-16T06:54:16.389Z"}
{"level":"info","message":"Router-----store Address","timestamp":"2025-01-16T06:54:31.531Z"}
{"level":"info","message":"Server running --- from server.ts","timestamp":"2025-01-16T06:55:50.237Z"}
{"level":"info","message":"Router-----store Address","timestamp":"2025-01-16T06:56:17.655Z"}
{"level":"info","message":"Server running --- from server.ts","timestamp":"2025-01-16T06:58:06.620Z"}
{"level":"info","message":"Router-----store Address","timestamp":"2025-01-16T06:58:59.365Z"}
{"level":"info","message":"Router-----store Address","timestamp":"2025-01-16T06:59:59.313Z"}
{"level":"info","message":"Server running --- from server.ts","timestamp":"2025-01-16T07:00:37.648Z"}
{"level":"info","message":"Server running --- from server.ts","timestamp":"2025-01-16T07:00:54.017Z"}
{"level":"info","message":"Router-----store Address","timestamp":"2025-01-16T07:01:01.687Z"}
{"level":"info","message":"Server running --- from server.ts","timestamp":"2025-01-16T07:01:15.312Z"}
{"level":"info","message":"Server running --- from server.ts","timestamp":"2025-01-16T07:01:48.285Z"}
{"level":"info","message":"Server running --- from server.ts","timestamp":"2025-01-16T07:01:52.512Z"}
{"level":"info","message":"Server running --- from server.ts","timestamp":"2025-01-16T07:01:59.122Z"}
{"level":"info","message":"Server running --- from server.ts","timestamp":"2025-01-16T07:02:10.928Z"}
{"level":"info","message":"Router-----store Address","timestamp":"2025-01-16T07:02:14.640Z"}
{"level":"info","message":"Server running --- from server.ts","timestamp":"2025-01-16T07:02:37.648Z"}
{"level":"info","message":"Server running --- from server.ts","timestamp":"2025-01-16T07:02:51.236Z"}
{"level":"info","message":"Router-----store Address","timestamp":"2025-01-16T07:02:53.429Z"}
{"level":"info","message":"Server running --- from server.ts","timestamp":"2025-01-16T07:03:03.498Z"}
{"level":"info","message":"Server running --- from server.ts","timestamp":"2025-01-16T07:03:13.156Z"}
{"level":"info","message":"Router-----store Address","timestamp":"2025-01-16T07:03:28.286Z"}
{"level":"info","message":"Server running --- from server.ts","timestamp":"2025-01-16T07:04:02.858Z"}
{"level":"info","message":"Router-----store Address","timestamp":"2025-01-16T07:04:06.833Z"}
{"level":"info","message":"Server running --- from server.ts","timestamp":"2025-01-16T07:07:01.389Z"}
{"level":"info","message":"Router-----store Address","timestamp":"2025-01-16T07:07:05.555Z"}
{"level":"info","message":"Server running --- from server.ts","timestamp":"2025-01-16T07:07:20.248Z"}
{"level":"info","message":"Server running --- from server.ts","timestamp":"2025-01-16T07:07:30.249Z"}
{"level":"info","message":"Router-----store Address","timestamp":"2025-01-16T07:07:33.793Z"}
{"level":"info","message":"Server running --- from server.ts","timestamp":"2025-01-16T07:07:57.786Z"}
{"level":"info","message":"Router-----store Address","timestamp":"2025-01-16T07:07:59.409Z"}
{"level":"info","message":"Server running --- from server.ts","timestamp":"2025-01-16T07:14:16.315Z"}
{"level":"info","message":"Server running --- from server.ts","timestamp":"2025-01-16T07:14:31.677Z"}
{"level":"info","message":"Server running --- from server.ts","timestamp":"2025-01-16T07:15:06.301Z"}
{"level":"info","message":"Server running --- from server.ts","timestamp":"2025-01-16T07:15:26.789Z"}
{"level":"info","message":"Server running --- from server.ts","timestamp":"2025-01-16T07:15:54.597Z"}
{"level":"info","message":"Router-----store Address","timestamp":"2025-01-16T07:17:11.141Z"}
{"level":"info","message":"Router-----store Address","timestamp":"2025-01-16T07:18:27.029Z"}
{"level":"info","message":"Server running --- from server.ts","timestamp":"2025-01-16T07:19:07.218Z"}
{"level":"info","message":"Server running --- from server.ts","timestamp":"2025-01-16T07:21:35.282Z"}
{"level":"info","message":"Router-----store Address","timestamp":"2025-01-16T07:22:57.345Z"}
{"level":"info","message":"Server running --- from server.ts","timestamp":"2025-01-16T07:27:38.710Z"}
{"level":"info","message":"Server running --- from server.ts","timestamp":"2025-01-16T07:28:45.014Z"}
{"level":"info","message":"Server running --- from server.ts","timestamp":"2025-01-16T07:28:55.120Z"}
{"level":"info","message":"Server running --- from server.ts","timestamp":"2025-01-16T07:29:03.673Z"}
{"level":"info","message":"Server running --- from server.ts","timestamp":"2025-01-16T07:29:11.006Z"}
{"level":"info","message":"Server running --- from server.ts","timestamp":"2025-01-16T07:29:18.178Z"}
{"level":"info","message":"Server running --- from server.ts","timestamp":"2025-01-16T07:29:27.258Z"}
{"level":"info","message":"Server running --- from server.ts","timestamp":"2025-01-16T07:29:39.287Z"}
{"level":"info","message":"Server running --- from server.ts","timestamp":"2025-01-16T07:29:45.998Z"}
{"level":"info","message":"Router-----store Address","timestamp":"2025-01-16T07:29:51.927Z"}
{"level":"info","message":"Router-----store Address","timestamp":"2025-01-16T07:29:58.548Z"}
{"level":"info","message":"Server running --- from server.ts","timestamp":"2025-01-16T07:30:39.296Z"}
{"level":"info","message":"Server running --- from server.ts","timestamp":"2025-01-16T07:30:48.877Z"}
{"level":"info","message":"Server running --- from server.ts","timestamp":"2025-01-16T07:31:06.382Z"}
{"level":"info","message":"Router-----store Address","timestamp":"2025-01-16T07:31:10.704Z"}
{"level":"info","message":"Server running --- from server.ts","timestamp":"2025-01-16T07:36:40.638Z"}
{"level":"info","message":"Router-----store Address","timestamp":"2025-01-16T07:36:45.636Z"}
{"level":"info","message":"Router-----store Address","timestamp":"2025-01-16T07:37:09.836Z"}
{"level":"info","message":"Router-----store Address","timestamp":"2025-01-16T07:37:25.083Z"}
{"level":"info","message":"Server running --- from server.ts","timestamp":"2025-01-16T07:37:56.646Z"}
{"level":"info","message":"Router-----store Address","timestamp":"2025-01-16T07:37:59.046Z"}
{"level":"info","message":"Server running --- from server.ts","timestamp":"2025-01-16T08:04:35.546Z"}
{"level":"info","message":"Server running --- from server.ts","timestamp":"2025-01-16T08:09:01.830Z"}
{"level":"info","message":"Server running --- from server.ts","timestamp":"2025-01-16T08:09:09.094Z"}
{"level":"info","message":"Server running --- from server.ts","timestamp":"2025-01-16T08:14:23.084Z"}
{"level":"info","message":"Server running --- from server.ts","timestamp":"2025-01-16T08:14:31.312Z"}
{"level":"info","message":"Server running --- from server.ts","timestamp":"2025-01-16T08:15:15.369Z"}
{"level":"info","message":"Server running --- from server.ts","timestamp":"2025-01-16T08:15:36.511Z"}
{"level":"info","message":"Server running --- from server.ts","timestamp":"2025-01-16T08:16:10.951Z"}
{"level":"info","message":"Server running --- from server.ts","timestamp":"2025-01-16T08:16:40.880Z"}
{"level":"info","message":"Server running --- from server.ts","timestamp":"2025-01-16T08:16:46.837Z"}
{"level":"info","message":"Server running --- from server.ts","timestamp":"2025-01-16T08:20:41.534Z"}
{"level":"info","message":"Server running --- from server.ts","timestamp":"2025-01-16T08:20:50.656Z"}
{"level":"info","message":"Router-----store Vendor Documents","timestamp":"2025-01-16T08:24:26.625Z"}
{"level":"info","message":"Server running --- from server.ts","timestamp":"2025-01-16T08:31:41.734Z"}
{"level":"info","message":"Router-----store Address","timestamp":"2025-01-16T08:35:49.189Z"}
{"level":"info","message":"Server running --- from server.ts","timestamp":"2025-01-16T08:36:24.761Z"}
{"level":"info","message":"Router-----store Address","timestamp":"2025-01-16T08:36:35.676Z"}
{"level":"info","message":"Server running --- from server.ts","timestamp":"2025-01-16T08:52:57.212Z"}
{"level":"error","message":"Server not running ---  New route /api/v1/vendorRoutes/VendorAuditList conflicts with existing /api/v1/vendorRoutes/VendorAuditList","name":"AssertError","stack":"AssertError: New route /api/v1/vendorRoutes/VendorAuditList conflicts with existing /api/v1/vendorRoutes/VendorAuditList\n    at module.exports.internals.Segment.internals.Segment.add (C:\\Users\\INDUMATHI\\Desktop\\KarmaCuisineBackend\\KARMA-CUISINE-BACKEND\\node_modules\\@hapi\\call\\lib\\segment.js:47:14)\n    at exports.Router.internals.Router.internals.Router.add (C:\\Users\\INDUMATHI\\Desktop\\KarmaCuisineBackend\\KARMA-CUISINE-BACKEND\\node_modules\\@hapi\\call\\lib\\index.js:65:16)\n    at internals.Server._addRoute (C:\\Users\\INDUMATHI\\Desktop\\KarmaCuisineBackend\\KARMA-CUISINE-BACKEND\\node_modules\\@hapi\\hapi\\lib\\server.js:529:46)\n    at internals.Server.route (C:\\Users\\INDUMATHI\\Desktop\\KarmaCuisineBackend\\KARMA-CUISINE-BACKEND\\node_modules\\@hapi\\hapi\\lib\\server.js:518:22)\n    at C:\\Users\\INDUMATHI\\Desktop\\KarmaCuisineBackend\\KARMA-CUISINE-BACKEND\\src\\api\\vendor\\routes.ts:14:14\n    at new Promise (<anonymous>)\n    at vendorRoutes.<anonymous> (C:\\Users\\INDUMATHI\\Desktop\\KarmaCuisineBackend\\KARMA-CUISINE-BACKEND\\src\\api\\vendor\\routes.ts:12:12)\n    at Generator.next (<anonymous>)\n    at C:\\Users\\INDUMATHI\\Desktop\\KarmaCuisineBackend\\KARMA-CUISINE-BACKEND\\src\\api\\vendor\\routes.ts:8:71\n    at new Promise (<anonymous>)","timestamp":"2025-01-16T10:20:48.100Z"}
{"level":"info","message":"Server running --- from server.ts","timestamp":"2025-01-16T10:20:54.758Z"}
{"level":"error","message":"Server not running ---  New route /api/v1/users/Otp conflicts with existing /api/v1/users/Otp","name":"AssertError","stack":"AssertError: New route /api/v1/users/Otp conflicts with existing /api/v1/users/Otp\n    at module.exports.internals.Segment.internals.Segment.add (C:\\Users\\INDUMATHI\\Desktop\\KarmaCuisineBackend\\KARMA-CUISINE-BACKEND\\node_modules\\@hapi\\call\\lib\\segment.js:47:14)\n    at exports.Router.internals.Router.internals.Router.add (C:\\Users\\INDUMATHI\\Desktop\\KarmaCuisineBackend\\KARMA-CUISINE-BACKEND\\node_modules\\@hapi\\call\\lib\\index.js:65:16)\n    at internals.Server._addRoute (C:\\Users\\INDUMATHI\\Desktop\\KarmaCuisineBackend\\KARMA-CUISINE-BACKEND\\node_modules\\@hapi\\hapi\\lib\\server.js:529:46)\n    at internals.Server.route (C:\\Users\\INDUMATHI\\Desktop\\KarmaCuisineBackend\\KARMA-CUISINE-BACKEND\\node_modules\\@hapi\\hapi\\lib\\server.js:518:22)\n    at C:\\Users\\INDUMATHI\\Desktop\\KarmaCuisineBackend\\KARMA-CUISINE-BACKEND\\src\\api\\user\\routes.ts:13:14\n    at new Promise (<anonymous>)\n    at UserRouters.<anonymous> (C:\\Users\\INDUMATHI\\Desktop\\KarmaCuisineBackend\\KARMA-CUISINE-BACKEND\\src\\api\\user\\routes.ts:11:12)\n    at Generator.next (<anonymous>)\n    at C:\\Users\\INDUMATHI\\Desktop\\KarmaCuisineBackend\\KARMA-CUISINE-BACKEND\\src\\api\\user\\routes.ts:8:71\n    at new Promise (<anonymous>)","timestamp":"2025-01-16T10:26:23.294Z"}
{"level":"info","message":"Server running --- from server.ts","timestamp":"2025-01-16T10:27:18.421Z"}
{"level":"info","message":"Server running --- from server.ts","timestamp":"2025-01-16T10:28:27.697Z"}
{"level":"info","message":"Server running --- from server.ts","timestamp":"2025-01-16T10:28:32.606Z"}
{"level":"info","message":"Server running --- from server.ts","timestamp":"2025-01-16T10:28:35.431Z"}
{"level":"info","message":"Server running --- from server.ts","timestamp":"2025-01-16T10:29:04.276Z"}
{"level":"info","message":"Server running --- from server.ts","timestamp":"2025-01-16T10:29:36.814Z"}
{"level":"info","message":"Server running --- from server.ts","timestamp":"2025-01-16T10:31:46.173Z"}
