{"level":"info","message":"Server running --- from server.ts","timestamp":"2025-01-30T04:17:33.554Z"}
{"level":"info","message":"Router-----store Address","timestamp":"2025-01-30T04:21:48.565Z"}
{"level":"info","message":"Router ------------","timestamp":"2025-01-30T04:22:16.392Z"}
{"level":"info","message":"Server running --- from server.ts","timestamp":"2025-01-30T04:22:50.913Z"}
{"level":"info","message":"Router ------------","timestamp":"2025-01-30T04:22:51.066Z"}
{"level":"info","message":"Router ------------","timestamp":"2025-01-30T04:23:04.565Z"}
{"level":"info","message":"Router ------------","timestamp":"2025-01-30T04:24:20.754Z"}
{"level":"info","message":"Router ------------","timestamp":"2025-01-30T04:24:22.398Z"}
{"level":"info","message":"Router ------------","timestamp":"2025-01-30T04:24:51.071Z"}
{"level":"info","message":"Server running --- from server.ts","timestamp":"2025-01-30T04:26:58.571Z"}
{"level":"info","message":"Server running --- from server.ts","timestamp":"2025-01-30T04:36:22.066Z"}
{"level":"info","message":"Server running --- from server.ts","timestamp":"2025-01-30T04:36:28.016Z"}
{"level":"info","message":"Server running --- from server.ts","timestamp":"2025-01-30T04:36:38.637Z"}
{"level":"info","message":"Server running --- from server.ts","timestamp":"2025-01-30T04:36:56.909Z"}
{"level":"info","message":"Server running --- from server.ts","timestamp":"2025-01-30T04:37:01.782Z"}
{"level":"info","message":"Router ------------","timestamp":"2025-01-30T04:37:09.436Z"}
{"level":"info","message":"Router-----store Address","timestamp":"2025-01-30T04:38:21.007Z"}
{"level":"info","message":"Server running --- from server.ts","timestamp":"2025-01-30T04:41:08.212Z"}
{"level":"info","message":"Router-----store Address","timestamp":"2025-01-30T04:41:10.314Z"}
{"level":"info","message":"Server running --- from server.ts","timestamp":"2025-01-30T04:44:07.810Z"}
{"level":"info","message":"Router-----store Address","timestamp":"2025-01-30T04:44:14.380Z"}
{"level":"info","message":"Server running --- from server.ts","timestamp":"2025-01-30T04:56:39.233Z"}
{"level":"info","message":"Router-----store Address","timestamp":"2025-01-30T05:01:42.652Z"}
{"level":"info","message":"Server running --- from server.ts","timestamp":"2025-01-30T05:04:24.442Z"}
{"level":"info","message":"Router-----store Address","timestamp":"2025-01-30T05:05:28.326Z"}
{"level":"info","message":"Server running --- from server.ts","timestamp":"2025-01-30T05:06:43.047Z"}
{"level":"info","message":"Router-----store Address","timestamp":"2025-01-30T05:07:03.467Z"}
{"level":"info","message":"Server running --- from server.ts","timestamp":"2025-01-30T05:20:46.119Z"}
{"level":"info","message":"Server running --- from server.ts","timestamp":"2025-01-30T05:23:41.812Z"}
{"level":"info","message":"Server running --- from server.ts","timestamp":"2025-01-30T05:29:07.290Z"}
{"level":"info","message":"Server running --- from server.ts","timestamp":"2025-01-30T05:39:32.886Z"}
{"level":"info","message":"Router-----Add New Vendor","timestamp":"2025-01-30T05:40:10.884Z"}
{"level":"info","message":"Router-----Add New Vendor","timestamp":"2025-01-30T05:40:52.389Z"}
{"level":"info","message":"Server running --- from server.ts","timestamp":"2025-01-30T05:51:26.140Z"}
{"level":"info","message":"Server running --- from server.ts","timestamp":"2025-01-30T06:20:39.485Z"}
{"level":"info","message":"Server running --- from server.ts","timestamp":"2025-01-30T06:21:23.181Z"}
{"level":"info","message":"Server running --- from server.ts","timestamp":"2025-01-30T06:25:02.582Z"}
{"level":"info","message":"Router ------------","timestamp":"2025-01-30T06:25:07.740Z"}
{"level":"info","message":"Server running --- from server.ts","timestamp":"2025-01-30T07:02:30.411Z"}
{"level":"info","message":"Router-----store Address","timestamp":"2025-01-30T07:03:20.192Z"}
{"level":"info","message":"Router-----Add New Vendor","timestamp":"2025-01-30T07:06:06.320Z"}
{"level":"info","message":"Server running --- from server.ts","timestamp":"2025-01-30T07:42:00.290Z"}
{"level":"info","message":"Router-----store Address","timestamp":"2025-01-30T08:19:01.044Z"}
{"level":"info","message":"Router-----store Address","timestamp":"2025-01-30T08:48:14.966Z"}
{"level":"info","message":"Router-----store Address","timestamp":"2025-01-30T09:18:48.530Z"}
{"level":"info","message":"Router-----store Address","timestamp":"2025-01-30T09:31:24.074Z"}
{"level":"info","message":"Server running --- from server.ts","timestamp":"2025-01-30T09:35:02.616Z"}
{"level":"info","message":"Server running --- from server.ts","timestamp":"2025-01-30T09:41:06.070Z"}
{"level":"info","message":"Server running --- from server.ts","timestamp":"2025-01-30T10:51:57.900Z"}
{"level":"info","message":"Server running --- from server.ts","timestamp":"2025-01-30T11:17:45.172Z"}
{"level":"error","message":"Error in view added products Cannot read properties of undefined (reading 'id')","stack":"TypeError: Cannot read properties of undefined (reading 'id')\n    at VendorRepository.<anonymous> (D:\\KINGSKURRY\\backend\\src\\api\\vendor\\vendor-repository.ts:1107:35)\n    at Generator.next (<anonymous>)\n    at D:\\KINGSKURRY\\backend\\src\\api\\vendor\\vendor-repository.ts:8:71\n    at new Promise (<anonymous>)\n    at __awaiter (D:\\KINGSKURRY\\backend\\src\\api\\vendor\\vendor-repository.ts:4:12)\n    at VendorRepository.ViewaddedProductV1 (D:\\KINGSKURRY\\backend\\src\\api\\vendor\\vendor-repository.ts:857:16)\n    at VendorResolver.<anonymous> (D:\\KINGSKURRY\\backend\\src\\api\\vendor\\resolver.ts:45:40)\n    at Generator.next (<anonymous>)\n    at D:\\KINGSKURRY\\backend\\src\\api\\vendor\\resolver.ts:8:71\n    at new Promise (<anonymous>)","timestamp":"2025-01-30T11:17:48.912Z"}
{"level":"error","message":"Error in view added products Cannot read properties of undefined (reading 'id')","stack":"TypeError: Cannot read properties of undefined (reading 'id')\n    at VendorRepository.<anonymous> (D:\\KINGSKURRY\\backend\\src\\api\\vendor\\vendor-repository.ts:1107:35)\n    at Generator.next (<anonymous>)\n    at D:\\KINGSKURRY\\backend\\src\\api\\vendor\\vendor-repository.ts:8:71\n    at new Promise (<anonymous>)\n    at __awaiter (D:\\KINGSKURRY\\backend\\src\\api\\vendor\\vendor-repository.ts:4:12)\n    at VendorRepository.ViewaddedProductV1 (D:\\KINGSKURRY\\backend\\src\\api\\vendor\\vendor-repository.ts:857:16)\n    at VendorResolver.<anonymous> (D:\\KINGSKURRY\\backend\\src\\api\\vendor\\resolver.ts:45:40)\n    at Generator.next (<anonymous>)\n    at D:\\KINGSKURRY\\backend\\src\\api\\vendor\\resolver.ts:8:71\n    at new Promise (<anonymous>)","timestamp":"2025-01-30T11:17:49.337Z"}
{"level":"error","message":"Error in view added products Cannot read properties of undefined (reading 'id')","stack":"TypeError: Cannot read properties of undefined (reading 'id')\n    at VendorRepository.<anonymous> (D:\\KINGSKURRY\\backend\\src\\api\\vendor\\vendor-repository.ts:1107:35)\n    at Generator.next (<anonymous>)\n    at D:\\KINGSKURRY\\backend\\src\\api\\vendor\\vendor-repository.ts:8:71\n    at new Promise (<anonymous>)\n    at __awaiter (D:\\KINGSKURRY\\backend\\src\\api\\vendor\\vendor-repository.ts:4:12)\n    at VendorRepository.ViewaddedProductV1 (D:\\KINGSKURRY\\backend\\src\\api\\vendor\\vendor-repository.ts:857:16)\n    at VendorResolver.<anonymous> (D:\\KINGSKURRY\\backend\\src\\api\\vendor\\resolver.ts:45:40)\n    at Generator.next (<anonymous>)\n    at D:\\KINGSKURRY\\backend\\src\\api\\vendor\\resolver.ts:8:71\n    at new Promise (<anonymous>)","timestamp":"2025-01-30T11:18:45.906Z"}
{"level":"error","message":"Error in view added products Cannot read properties of undefined (reading 'id')","stack":"TypeError: Cannot read properties of undefined (reading 'id')\n    at VendorRepository.<anonymous> (D:\\KINGSKURRY\\backend\\src\\api\\vendor\\vendor-repository.ts:1107:35)\n    at Generator.next (<anonymous>)\n    at D:\\KINGSKURRY\\backend\\src\\api\\vendor\\vendor-repository.ts:8:71\n    at new Promise (<anonymous>)\n    at __awaiter (D:\\KINGSKURRY\\backend\\src\\api\\vendor\\vendor-repository.ts:4:12)\n    at VendorRepository.ViewaddedProductV1 (D:\\KINGSKURRY\\backend\\src\\api\\vendor\\vendor-repository.ts:857:16)\n    at VendorResolver.<anonymous> (D:\\KINGSKURRY\\backend\\src\\api\\vendor\\resolver.ts:45:40)\n    at Generator.next (<anonymous>)\n    at D:\\KINGSKURRY\\backend\\src\\api\\vendor\\resolver.ts:8:71\n    at new Promise (<anonymous>)","timestamp":"2025-01-30T11:18:45.943Z"}
