{"level":"info","message":"Server running --- from server.ts","timestamp":"2025-01-24T04:49:56.455Z"}
{"level":"info","message":"Router ------------","timestamp":"2025-01-24T04:50:03.511Z"}
{"level":"info","message":"Server running --- from server.ts","timestamp":"2025-01-24T04:51:02.481Z"}
{"level":"info","message":"Server running --- from server.ts","timestamp":"2025-01-24T04:51:07.734Z"}
{"level":"info","message":"Server running --- from server.ts","timestamp":"2025-01-24T04:51:35.365Z"}
{"level":"info","message":"Server running --- from server.ts","timestamp":"2025-01-24T04:52:40.481Z"}
{"level":"info","message":"Server running --- from server.ts","timestamp":"2025-01-24T04:53:57.258Z"}
{"level":"info","message":"Server running --- from server.ts","timestamp":"2025-01-24T04:54:08.247Z"}
{"level":"info","message":"Server running --- from server.ts","timestamp":"2025-01-24T04:54:14.630Z"}
{"level":"info","message":"Router-----store Address","timestamp":"2025-01-24T04:56:38.574Z"}
{"level":"info","message":"Router-----store Address","timestamp":"2025-01-24T05:34:38.641Z"}
{"level":"info","message":"Router-----store Address","timestamp":"2025-01-24T05:34:55.669Z"}
{"level":"info","message":"Server running --- from server.ts","timestamp":"2025-01-24T05:35:53.088Z"}
{"level":"info","message":"Server running --- from server.ts","timestamp":"2025-01-24T05:35:58.437Z"}
{"level":"info","message":"Router-----store Address","timestamp":"2025-01-24T05:44:12.288Z"}
{"level":"info","message":"Server running --- from server.ts","timestamp":"2025-01-24T05:56:47.364Z"}
{"level":"info","message":"Server running --- from server.ts","timestamp":"2025-01-24T06:01:16.506Z"}
{"level":"info","message":"Router-----store Address","timestamp":"2025-01-24T06:01:33.668Z"}
{"level":"info","message":"Router-----store Address","timestamp":"2025-01-24T06:02:13.304Z"}
{"level":"info","message":"Server running --- from server.ts","timestamp":"2025-01-24T06:03:14.281Z"}
{"level":"info","message":"Server running --- from server.ts","timestamp":"2025-01-24T06:03:27.489Z"}
{"level":"info","message":"Server running --- from server.ts","timestamp":"2025-01-24T06:11:23.943Z"}
{"level":"info","message":"Router-----store Address","timestamp":"2025-01-24T06:12:01.989Z"}
{"level":"info","message":"Router-----store Address","timestamp":"2025-01-24T06:12:42.532Z"}
{"level":"info","message":"Router-----store Address","timestamp":"2025-01-24T06:12:44.058Z"}
{"level":"info","message":"Server running --- from server.ts","timestamp":"2025-01-24T06:14:49.017Z"}
{"level":"info","message":"Router-----store Address","timestamp":"2025-01-24T06:14:54.737Z"}
{"level":"info","message":"Router-----store Address","timestamp":"2025-01-24T06:15:21.728Z"}
{"level":"info","message":"Server running --- from server.ts","timestamp":"2025-01-24T06:15:56.831Z"}
{"level":"info","message":"Server running --- from server.ts","timestamp":"2025-01-24T06:16:03.073Z"}
{"level":"info","message":"Router-----store Address","timestamp":"2025-01-24T06:16:24.155Z"}
{"level":"info","message":"Server running --- from server.ts","timestamp":"2025-01-24T08:15:09.760Z"}
{"level":"info","message":"Router-----store Address","timestamp":"2025-01-24T08:15:15.402Z"}
{"level":"error","message":"Error in delete restaurent documents this.VendorRepository.deleteRestaurentDocV1 is not a function","stack":"TypeError: this.VendorRepository.deleteRestaurentDocV1 is not a function\n    at VendorResolver.<anonymous> (C:\\Users\\INDUMATHI\\Desktop\\KarmaCuisineBackend\\KARMA-CUISINE-BACKEND\\src\\api\\vendor\\resolver.ts:29:40)\n    at Generator.next (<anonymous>)\n    at C:\\Users\\INDUMATHI\\Desktop\\KarmaCuisineBackend\\KARMA-CUISINE-BACKEND\\src\\api\\vendor\\resolver.ts:8:71\n    at new Promise (<anonymous>)\n    at __awaiter (C:\\Users\\INDUMATHI\\Desktop\\KarmaCuisineBackend\\KARMA-CUISINE-BACKEND\\src\\api\\vendor\\resolver.ts:4:12)\n    at VendorResolver.deleteRestaurentDocV1 (C:\\Users\\INDUMATHI\\Desktop\\KarmaCuisineBackend\\KARMA-CUISINE-BACKEND\\src\\api\\vendor\\resolver.ts:51:16)\n    at VendorProfile.<anonymous> (C:\\Users\\INDUMATHI\\Desktop\\KarmaCuisineBackend\\KARMA-CUISINE-BACKEND\\src\\api\\vendor\\controller.ts:219:36)\n    at Generator.next (<anonymous>)\n    at C:\\Users\\INDUMATHI\\Desktop\\KarmaCuisineBackend\\KARMA-CUISINE-BACKEND\\src\\api\\vendor\\controller.ts:8:71\n    at new Promise (<anonymous>)","timestamp":"2025-01-24T08:15:15.422Z"}
{"level":"info","message":"Server running --- from server.ts","timestamp":"2025-01-24T08:15:45.523Z"}
{"level":"info","message":"Server running --- from server.ts","timestamp":"2025-01-24T08:15:52.079Z"}
{"level":"info","message":"Router-----store Address","timestamp":"2025-01-24T08:15:54.776Z"}
{"level":"info","message":"Router-----store Address","timestamp":"2025-01-24T08:16:04.925Z"}
{"level":"info","message":"Router-----store Address","timestamp":"2025-01-24T08:16:10.659Z"}
{"level":"info","message":"Server running --- from server.ts","timestamp":"2025-01-24T08:17:03.986Z"}
{"level":"info","message":"Server running --- from server.ts","timestamp":"2025-01-24T08:17:52.022Z"}
{"level":"info","message":"Server running --- from server.ts","timestamp":"2025-01-24T08:18:09.374Z"}
{"level":"info","message":"Server running --- from server.ts","timestamp":"2025-01-24T08:18:28.113Z"}
{"level":"info","message":"Server running --- from server.ts","timestamp":"2025-01-24T08:18:47.508Z"}
{"level":"info","message":"Server running --- from server.ts","timestamp":"2025-01-24T08:22:16.149Z"}
{"level":"info","message":"Router-----store Address","timestamp":"2025-01-24T08:22:24.781Z"}
{"level":"info","message":"Server running --- from server.ts","timestamp":"2025-01-24T08:23:03.372Z"}
{"level":"info","message":"Server running --- from server.ts","timestamp":"2025-01-24T08:23:08.578Z"}
{"level":"info","message":"Router-----store Address","timestamp":"2025-01-24T08:24:16.785Z"}
{"level":"info","message":"Router-----store Address","timestamp":"2025-01-24T08:24:31.011Z"}
{"level":"info","message":"Server running --- from server.ts","timestamp":"2025-01-24T08:24:55.219Z"}
{"level":"info","message":"Server running --- from server.ts","timestamp":"2025-01-24T08:25:12.915Z"}
{"level":"info","message":"Server running --- from server.ts","timestamp":"2025-01-24T08:32:04.284Z"}
{"level":"info","message":"Server running --- from server.ts","timestamp":"2025-01-24T08:32:32.340Z"}
{"level":"info","message":"Server running --- from server.ts","timestamp":"2025-01-24T08:32:36.743Z"}
{"level":"info","message":"Server running --- from server.ts","timestamp":"2025-01-24T08:32:41.271Z"}
{"level":"info","message":"Server running --- from server.ts","timestamp":"2025-01-24T08:33:32.155Z"}
{"level":"info","message":"Server running --- from server.ts","timestamp":"2025-01-24T08:33:38.112Z"}
{"level":"info","message":"Server running --- from server.ts","timestamp":"2025-01-24T08:34:51.738Z"}
{"level":"info","message":"Server running --- from server.ts","timestamp":"2025-01-24T08:38:28.738Z"}
{"level":"info","message":"Server running --- from server.ts","timestamp":"2025-01-24T08:38:45.118Z"}
{"level":"info","message":"Server running --- from server.ts","timestamp":"2025-01-24T08:42:13.871Z"}
{"level":"info","message":"Server running --- from server.ts","timestamp":"2025-01-24T08:42:43.870Z"}
{"level":"info","message":"Server running --- from server.ts","timestamp":"2025-01-24T08:43:19.262Z"}
{"level":"info","message":"Server running --- from server.ts","timestamp":"2025-01-24T08:44:37.958Z"}
{"level":"info","message":"Server running --- from server.ts","timestamp":"2025-01-24T08:45:36.060Z"}
{"level":"info","message":"Server running --- from server.ts","timestamp":"2025-01-24T08:46:06.977Z"}
{"level":"info","message":"Server running --- from server.ts","timestamp":"2025-01-24T08:46:23.047Z"}
{"level":"info","message":"Server running --- from server.ts","timestamp":"2025-01-24T08:46:31.554Z"}
{"level":"info","message":"Server running --- from server.ts","timestamp":"2025-01-24T08:46:44.969Z"}
{"level":"info","message":"Server running --- from server.ts","timestamp":"2025-01-24T08:46:58.850Z"}
{"level":"info","message":"Server running --- from server.ts","timestamp":"2025-01-24T08:47:16.195Z"}
{"level":"info","message":"Server running --- from server.ts","timestamp":"2025-01-24T08:47:21.304Z"}
{"level":"info","message":"Server running --- from server.ts","timestamp":"2025-01-24T08:47:31.894Z"}
{"level":"info","message":"Server running --- from server.ts","timestamp":"2025-01-24T08:47:47.652Z"}
{"level":"info","message":"Server running --- from server.ts","timestamp":"2025-01-24T08:47:59.455Z"}
{"level":"info","message":"Server running --- from server.ts","timestamp":"2025-01-24T09:40:38.303Z"}
{"level":"info","message":"Server running --- from server.ts","timestamp":"2025-01-24T09:40:49.826Z"}
{"level":"info","message":"Server running --- from server.ts","timestamp":"2025-01-24T09:49:46.882Z"}
{"level":"info","message":"Server running --- from server.ts","timestamp":"2025-01-24T09:50:05.759Z"}
{"level":"info","message":"Server running --- from server.ts","timestamp":"2025-01-24T09:50:13.172Z"}
{"level":"info","message":"Server running --- from server.ts","timestamp":"2025-01-24T09:50:34.290Z"}
{"level":"info","message":"Server running --- from server.ts","timestamp":"2025-01-24T09:51:07.058Z"}
{"level":"info","message":"Server running --- from server.ts","timestamp":"2025-01-24T09:51:17.072Z"}
{"level":"info","message":"Server running --- from server.ts","timestamp":"2025-01-24T09:54:52.598Z"}
{"level":"info","message":"Server running --- from server.ts","timestamp":"2025-01-24T10:03:08.333Z"}
{"level":"info","message":"Router-----store Vendor Documents","timestamp":"2025-01-24T10:06:36.589Z"}
{"level":"info","message":"Server running --- from server.ts","timestamp":"2025-01-24T10:07:17.808Z"}
{"level":"info","message":"Server running --- from server.ts","timestamp":"2025-01-24T10:07:28.319Z"}
{"level":"info","message":"Router-----store Vendor Documents","timestamp":"2025-01-24T10:07:30.276Z"}
{"level":"info","message":"Server running --- from server.ts","timestamp":"2025-01-24T10:09:12.961Z"}
{"level":"info","message":"Server running --- from server.ts","timestamp":"2025-01-24T10:09:30.374Z"}
{"level":"info","message":"Server running --- from server.ts","timestamp":"2025-01-24T10:09:44.756Z"}
{"level":"info","message":"Server running --- from server.ts","timestamp":"2025-01-24T10:09:53.750Z"}
{"level":"info","message":"Server running --- from server.ts","timestamp":"2025-01-24T10:10:03.848Z"}
{"level":"info","message":"Server running --- from server.ts","timestamp":"2025-01-24T10:10:08.535Z"}
{"level":"info","message":"Server running --- from server.ts","timestamp":"2025-01-24T10:11:59.190Z"}
{"level":"info","message":"Server running --- from server.ts","timestamp":"2025-01-24T10:12:11.249Z"}
{"level":"info","message":"Server running --- from server.ts","timestamp":"2025-01-24T10:12:19.496Z"}
{"level":"info","message":"Server running --- from server.ts","timestamp":"2025-01-24T10:12:32.249Z"}
{"level":"info","message":"Server running --- from server.ts","timestamp":"2025-01-24T10:12:44.707Z"}
{"level":"info","message":"Server running --- from server.ts","timestamp":"2025-01-24T10:13:20.486Z"}
{"level":"info","message":"Server running --- from server.ts","timestamp":"2025-01-24T10:13:33.622Z"}
{"level":"info","message":"Server running --- from server.ts","timestamp":"2025-01-24T10:13:37.452Z"}
{"level":"info","message":"Server running --- from server.ts","timestamp":"2025-01-24T10:14:09.958Z"}
{"level":"info","message":"Server running --- from server.ts","timestamp":"2025-01-24T10:14:21.075Z"}
{"level":"info","message":"Router-----store Vendor Documents","timestamp":"2025-01-24T10:14:23.308Z"}
{"level":"info","message":"Router-----store Vendor Documents","timestamp":"2025-01-24T10:15:10.151Z"}
{"level":"info","message":"Server running --- from server.ts","timestamp":"2025-01-24T10:24:38.867Z"}
{"level":"info","message":"Server running --- from server.ts","timestamp":"2025-01-24T10:29:48.624Z"}
{"level":"info","message":"Server running --- from server.ts","timestamp":"2025-01-24T10:30:02.853Z"}
{"level":"info","message":"Server running --- from server.ts","timestamp":"2025-01-24T10:31:09.523Z"}
{"level":"info","message":"Server running --- from server.ts","timestamp":"2025-01-24T10:31:36.203Z"}
{"level":"info","message":"Server running --- from server.ts","timestamp":"2025-01-24T10:32:08.034Z"}
{"level":"info","message":"Server running --- from server.ts","timestamp":"2025-01-24T10:40:51.012Z"}
{"level":"info","message":"Server running --- from server.ts","timestamp":"2025-01-24T10:41:32.616Z"}
{"level":"info","message":"Server running --- from server.ts","timestamp":"2025-01-24T10:41:42.195Z"}
{"level":"info","message":"Server running --- from server.ts","timestamp":"2025-01-24T10:41:50.611Z"}
{"level":"info","message":"Server running --- from server.ts","timestamp":"2025-01-24T10:42:23.681Z"}
{"level":"info","message":"Server running --- from server.ts","timestamp":"2025-01-24T10:44:57.098Z"}
{"level":"info","message":"Server running --- from server.ts","timestamp":"2025-01-24T10:45:08.373Z"}
{"level":"info","message":"Server running --- from server.ts","timestamp":"2025-01-24T10:47:00.961Z"}
{"level":"info","message":"Server running --- from server.ts","timestamp":"2025-01-24T10:47:06.491Z"}
{"level":"info","message":"Router-----store Vendor Documents","timestamp":"2025-01-24T10:49:44.464Z"}
{"level":"info","message":"Router-----store Vendor Documents","timestamp":"2025-01-24T10:50:03.665Z"}
{"level":"info","message":"Server running --- from server.ts","timestamp":"2025-01-24T10:51:51.279Z"}
{"level":"info","message":"Server running --- from server.ts","timestamp":"2025-01-24T10:51:58.816Z"}
{"level":"info","message":"Server running --- from server.ts","timestamp":"2025-01-24T10:52:04.716Z"}
{"level":"info","message":"Server running --- from server.ts","timestamp":"2025-01-24T10:53:23.511Z"}
{"level":"info","message":"Server running --- from server.ts","timestamp":"2025-01-24T10:54:15.652Z"}
{"level":"info","message":"Server running --- from server.ts","timestamp":"2025-01-24T10:55:16.665Z"}
{"level":"info","message":"Server running --- from server.ts","timestamp":"2025-01-24T11:02:22.224Z"}
{"level":"info","message":"Server running --- from server.ts","timestamp":"2025-01-24T12:03:47.725Z"}
{"level":"info","message":"Server running --- from server.ts","timestamp":"2025-01-24T12:03:52.706Z"}
{"level":"info","message":"Server running --- from server.ts","timestamp":"2025-01-24T12:03:59.294Z"}
{"level":"info","message":"Server running --- from server.ts","timestamp":"2025-01-24T12:04:03.651Z"}
{"level":"info","message":"Server running --- from server.ts","timestamp":"2025-01-24T12:04:54.828Z"}
{"level":"info","message":"Server running --- from server.ts","timestamp":"2025-01-24T12:04:58.771Z"}
{"level":"info","message":"Server running --- from server.ts","timestamp":"2025-01-24T12:05:45.670Z"}
{"level":"info","message":"Server running --- from server.ts","timestamp":"2025-01-24T12:06:12.836Z"}
{"level":"info","message":"Server running --- from server.ts","timestamp":"2025-01-24T12:06:16.266Z"}
{"level":"info","message":"Server running --- from server.ts","timestamp":"2025-01-24T12:07:06.161Z"}
{"level":"info","message":"Server running --- from server.ts","timestamp":"2025-01-24T12:07:59.943Z"}
{"level":"info","message":"Server running --- from server.ts","timestamp":"2025-01-24T12:08:11.583Z"}
{"level":"info","message":"Server running --- from server.ts","timestamp":"2025-01-24T12:08:16.894Z"}
{"level":"info","message":"Server running --- from server.ts","timestamp":"2025-01-24T12:08:21.490Z"}
{"level":"info","message":"Server running --- from server.ts","timestamp":"2025-01-24T12:08:26.344Z"}
{"level":"info","message":"Server running --- from server.ts","timestamp":"2025-01-24T12:09:24.662Z"}
{"level":"info","message":"Server running --- from server.ts","timestamp":"2025-01-24T12:09:28.861Z"}
{"level":"info","message":"Server running --- from server.ts","timestamp":"2025-01-24T12:09:41.890Z"}
{"level":"info","message":"Server running --- from server.ts","timestamp":"2025-01-24T12:09:46.362Z"}
{"level":"info","message":"Server running --- from server.ts","timestamp":"2025-01-24T12:09:50.665Z"}
{"level":"info","message":"Server running --- from server.ts","timestamp":"2025-01-24T12:11:00.199Z"}
