{"level":"info","message":"Server running --- from server.ts","timestamp":"2025-04-24T10:27:57.233Z"}
{"level":"info","message":"GET URL REQ => http://192.168.1.105:6200/api/v1/userProduct/paymentData","timestamp":"2025-04-24T10:28:04.572Z"}
{"level":"error","message":"GET URL REQ => http://192.168.1.105:6200/api/v1/userProduct/paymentData this.resolver.paymentDataV1 is not a function","stack":"TypeError: this.resolver.paymentDataV1 is not a function\n    at userProductDisplayController.<anonymous> (C:\\Users\\VIJAY L\\Desktop\\Carma Cusaine\\KARMA-CUISINES-BACKEND\\src\\api\\userProductDisplay\\controller.ts:115:36)\n    at Generator.next (<anonymous>)\n    at C:\\Users\\VIJAY L\\Desktop\\Carma Cusaine\\KARMA-CUISINES-BACKEND\\src\\api\\userProductDisplay\\controller.ts:8:71\n    at new Promise (<anonymous>)\n    at __awaiter (C:\\Users\\VIJAY L\\Desktop\\Carma Cusaine\\KARMA-CUISINES-BACKEND\\src\\api\\userProductDisplay\\controller.ts:4:12)\n    at paymentData (C:\\Users\\VIJAY L\\Desktop\\Carma Cusaine\\KARMA-CUISINES-BACKEND\\src\\api\\userProductDisplay\\controller.ts:107:21)\n    at exports.Manager.execute (C:\\Users\\VIJAY L\\Desktop\\Carma Cusaine\\KARMA-CUISINES-BACKEND\\node_modules\\@hapi\\hapi\\lib\\toolkit.js:57:29)\n    at Object.internals.handler (C:\\Users\\VIJAY L\\Desktop\\Carma Cusaine\\KARMA-CUISINES-BACKEND\\node_modules\\@hapi\\hapi\\lib\\handler.js:46:48)\n    at exports.execute (C:\\Users\\VIJAY L\\Desktop\\Carma Cusaine\\KARMA-CUISINES-BACKEND\\node_modules\\@hapi\\hapi\\lib\\handler.js:31:36)\n    at Request._lifecycle (C:\\Users\\VIJAY L\\Desktop\\Carma Cusaine\\KARMA-CUISINES-BACKEND\\node_modules\\@hapi\\hapi\\lib\\request.js:370:68)","timestamp":"2025-04-24T10:28:04.580Z"}
{"level":"info","message":"Server running --- from server.ts","timestamp":"2025-04-24T10:28:38.910Z"}
{"level":"info","message":"Server running --- from server.ts","timestamp":"2025-04-24T10:28:51.738Z"}
{"level":"info","message":"Server running --- from server.ts","timestamp":"2025-04-24T10:28:57.085Z"}
{"level":"info","message":"GET URL REQ => http://192.168.1.105:6200/api/v1/userProduct/paymentData","timestamp":"2025-04-24T10:29:02.545Z"}
{"level":"info","message":"Server running --- from server.ts","timestamp":"2025-04-24T10:44:45.528Z"}
{"level":"info","message":"Server running --- from server.ts","timestamp":"2025-04-24T10:45:01.387Z"}
{"level":"info","message":"Server running --- from server.ts","timestamp":"2025-04-24T10:45:19.318Z"}
{"level":"info","message":"Server running --- from server.ts","timestamp":"2025-04-24T10:45:35.428Z"}
{"level":"info","message":"Server running --- from server.ts","timestamp":"2025-04-24T15:48:59.223Z"}
{"level":"info","message":"GET URL REQ => http://localhost:6200/api/v1/userProduct/orderFood","timestamp":"2025-04-24T15:49:22.066Z"}
{"level":"info","message":"GET URL REQ => http://localhost:6200/api/v1/userProduct/FoodList","timestamp":"2025-04-24T15:51:14.851Z"}
{"level":"info","message":"Server running --- from server.ts","timestamp":"2025-04-24T15:51:53.181Z"}
{"level":"info","message":"GET URL REQ => http://localhost:6200/api/v1/userProduct/FoodList","timestamp":"2025-04-24T15:51:56.703Z"}
{"level":"info","message":"Server running --- from server.ts","timestamp":"2025-04-24T15:52:10.693Z"}
{"level":"info","message":"Server running --- from server.ts","timestamp":"2025-04-24T15:52:16.635Z"}
{"level":"info","message":"GET URL REQ => http://localhost:6200/api/v1/userProduct/FoodList","timestamp":"2025-04-24T15:52:16.863Z"}
{"level":"info","message":"Server running --- from server.ts","timestamp":"2025-04-24T15:57:16.842Z"}
{"level":"info","message":"GET URL REQ => http://localhost:6200/api/v1/userProduct/FoodList","timestamp":"2025-04-24T15:58:13.672Z"}
{"level":"info","message":"Server running --- from server.ts","timestamp":"2025-04-24T16:02:09.792Z"}
{"level":"info","message":"GET URL REQ => http://localhost:6200/api/v1/userProduct/FoodList","timestamp":"2025-04-24T16:02:13.175Z"}
{"level":"info","message":"Server running --- from server.ts","timestamp":"2025-04-24T16:02:46.733Z"}
{"level":"info","message":"Server running --- from server.ts","timestamp":"2025-04-24T16:03:00.122Z"}
{"level":"info","message":"Server running --- from server.ts","timestamp":"2025-04-24T16:03:08.090Z"}
{"level":"info","message":"Server running --- from server.ts","timestamp":"2025-04-24T16:03:19.877Z"}
