{"level":"info","message":"Server running --- from server.ts","timestamp":"2024-12-30T04:57:28.016Z"}
{"level":"info","message":"Router-----store Address","timestamp":"2024-12-30T04:58:12.575Z"}
{"level":"error","message":"Error in store vendor social links: Failed to insert vendor bank details","stack":"Error: Failed to insert vendor bank details\n    at VendorRepository.<anonymous> (C:\\Users\\INDUMATHI\\Desktop\\KarmaCuisineBackend\\KARMA-CUISINE-BACKEND\\src\\api\\vendor\\vendor-repository.ts:167:13)\n    at Generator.throw (<anonymous>)\n    at rejected (C:\\Users\\INDUMATHI\\Desktop\\KarmaCuisineBackend\\KARMA-CUISINE-BACKEND\\src\\api\\vendor\\vendor-repository.ts:6:65)\n    at processTicksAndRejections (node:internal/process/task_queues:105:5)","timestamp":"2024-12-30T04:58:12.654Z"}
{"level":"info","message":"Server running --- from server.ts","timestamp":"2024-12-30T05:00:04.125Z"}
{"level":"info","message":"Server running --- from server.ts","timestamp":"2024-12-30T05:00:21.876Z"}
{"level":"info","message":"Router-----store Address","timestamp":"2024-12-30T05:00:26.980Z"}
{"level":"error","message":"Error in store vendor social links: Failed to insert vendor bank details","stack":"Error: Failed to insert vendor bank details\n    at VendorRepository.<anonymous> (C:\\Users\\INDUMATHI\\Desktop\\KarmaCuisineBackend\\KARMA-CUISINE-BACKEND\\src\\api\\vendor\\vendor-repository.ts:175:13)\n    at Generator.throw (<anonymous>)\n    at rejected (C:\\Users\\INDUMATHI\\Desktop\\KarmaCuisineBackend\\KARMA-CUISINE-BACKEND\\src\\api\\vendor\\vendor-repository.ts:6:65)\n    at processTicksAndRejections (node:internal/process/task_queues:105:5)","timestamp":"2024-12-30T05:00:27.051Z"}
{"level":"info","message":"Server running --- from server.ts","timestamp":"2024-12-30T05:04:40.708Z"}
{"level":"info","message":"Server running --- from server.ts","timestamp":"2024-12-30T05:04:45.309Z"}
{"level":"info","message":"Server running --- from server.ts","timestamp":"2024-12-30T05:05:18.596Z"}
{"level":"info","message":"Router-----store Address","timestamp":"2024-12-30T05:05:45.849Z"}
{"level":"error","message":"Error in store vendor social links: Failed to insert vendor bank details","stack":"Error: Failed to insert vendor bank details\n    at VendorRepository.<anonymous> (C:\\Users\\INDUMATHI\\Desktop\\KarmaCuisineBackend\\KARMA-CUISINE-BACKEND\\src\\api\\vendor\\vendor-repository.ts:168:11)\n    at Generator.throw (<anonymous>)\n    at rejected (C:\\Users\\INDUMATHI\\Desktop\\KarmaCuisineBackend\\KARMA-CUISINE-BACKEND\\src\\api\\vendor\\vendor-repository.ts:6:65)\n    at processTicksAndRejections (node:internal/process/task_queues:105:5)","timestamp":"2024-12-30T05:05:46.067Z"}
{"level":"info","message":"Server running --- from server.ts","timestamp":"2024-12-30T05:06:34.663Z"}
{"level":"info","message":"Router-----store Address","timestamp":"2024-12-30T05:06:36.161Z"}
{"level":"error","message":"Error in store vendor social links: Failed to insert vendor bank details","stack":"Error: Failed to insert vendor bank details\n    at VendorRepository.<anonymous> (C:\\Users\\INDUMATHI\\Desktop\\KarmaCuisineBackend\\KARMA-CUISINE-BACKEND\\src\\api\\vendor\\vendor-repository.ts:168:11)\n    at Generator.next (<anonymous>)\n    at fulfilled (C:\\Users\\INDUMATHI\\Desktop\\KarmaCuisineBackend\\KARMA-CUISINE-BACKEND\\src\\api\\vendor\\vendor-repository.ts:5:58)\n    at processTicksAndRejections (node:internal/process/task_queues:105:5)","timestamp":"2024-12-30T05:06:36.243Z"}
{"level":"info","message":"Server running --- from server.ts","timestamp":"2024-12-30T05:09:32.096Z"}
{"level":"info","message":"Router-----store Address","timestamp":"2024-12-30T05:09:33.427Z"}
{"level":"error","message":"Error in store vendor social links: Failed to insert vendor bank details","stack":"Error: Failed to insert vendor bank details\n    at VendorRepository.<anonymous> (C:\\Users\\INDUMATHI\\Desktop\\KarmaCuisineBackend\\KARMA-CUISINE-BACKEND\\src\\api\\vendor\\vendor-repository.ts:168:11)\n    at Generator.next (<anonymous>)\n    at fulfilled (C:\\Users\\INDUMATHI\\Desktop\\KarmaCuisineBackend\\KARMA-CUISINE-BACKEND\\src\\api\\vendor\\vendor-repository.ts:5:58)\n    at processTicksAndRejections (node:internal/process/task_queues:105:5)","timestamp":"2024-12-30T05:09:33.493Z"}
{"level":"info","message":"Server running --- from server.ts","timestamp":"2024-12-30T05:17:35.006Z"}
{"level":"info","message":"Router-----store Address","timestamp":"2024-12-30T05:18:14.378Z"}
{"level":"error","message":"Error in store vendor social links: Failed to insert vendor bank details: Invalid payment ID or payment type query failed","stack":"Error: Failed to insert vendor bank details: Invalid payment ID or payment type query failed\n    at VendorRepository.<anonymous> (C:\\Users\\INDUMATHI\\Desktop\\KarmaCuisineBackend\\KARMA-CUISINE-BACKEND\\src\\api\\vendor\\vendor-repository.ts:177:17)\n    at Generator.next (<anonymous>)\n    at fulfilled (C:\\Users\\INDUMATHI\\Desktop\\KarmaCuisineBackend\\KARMA-CUISINE-BACKEND\\src\\api\\vendor\\vendor-repository.ts:5:58)\n    at processTicksAndRejections (node:internal/process/task_queues:105:5)","timestamp":"2024-12-30T05:18:14.485Z"}
{"level":"info","message":"Server running --- from server.ts","timestamp":"2024-12-30T05:20:01.761Z"}
{"level":"info","message":"Router-----store Address","timestamp":"2024-12-30T05:20:02.633Z"}
{"level":"error","message":"Error in store vendor social links: Failed to insert vendor bank details: Invalid payment ID or payment type query failed","stack":"Error: Failed to insert vendor bank details: Invalid payment ID or payment type query failed\n    at VendorRepository.<anonymous> (C:\\Users\\INDUMATHI\\Desktop\\KarmaCuisineBackend\\KARMA-CUISINE-BACKEND\\src\\api\\vendor\\vendor-repository.ts:177:17)\n    at Generator.next (<anonymous>)\n    at fulfilled (C:\\Users\\INDUMATHI\\Desktop\\KarmaCuisineBackend\\KARMA-CUISINE-BACKEND\\src\\api\\vendor\\vendor-repository.ts:5:58)\n    at processTicksAndRejections (node:internal/process/task_queues:105:5)","timestamp":"2024-12-30T05:20:02.787Z"}
{"level":"info","message":"Server running --- from server.ts","timestamp":"2024-12-30T05:22:41.406Z"}
{"level":"info","message":"Router-----store Address","timestamp":"2024-12-30T05:22:44.689Z"}
{"level":"error","message":"Error in store vendor social links: Failed to insert vendor bank details: Invalid payment ID or payment type query failed","stack":"Error: Failed to insert vendor bank details: Invalid payment ID or payment type query failed\n    at VendorRepository.<anonymous> (C:\\Users\\INDUMATHI\\Desktop\\KarmaCuisineBackend\\KARMA-CUISINE-BACKEND\\src\\api\\vendor\\vendor-repository.ts:178:17)\n    at Generator.next (<anonymous>)\n    at fulfilled (C:\\Users\\INDUMATHI\\Desktop\\KarmaCuisineBackend\\KARMA-CUISINE-BACKEND\\src\\api\\vendor\\vendor-repository.ts:5:58)\n    at processTicksAndRejections (node:internal/process/task_queues:105:5)","timestamp":"2024-12-30T05:22:44.796Z"}
{"level":"info","message":"Server running --- from server.ts","timestamp":"2024-12-30T07:34:17.701Z"}
{"level":"info","message":"Router-----store Address","timestamp":"2024-12-30T07:34:26.716Z"}
{"level":"error","message":"Error in store vendor social links: Cannot read properties of undefined (reading 'success')","stack":"TypeError: Cannot read properties of undefined (reading 'success')\n    at VendorProfile.<anonymous> (C:\\Users\\INDUMATHI\\Desktop\\KarmaCuisineBackend\\KARMA-CUISINE-BACKEND\\src\\api\\controller.ts:123:18)\n    at Generator.next (<anonymous>)\n    at fulfilled (C:\\Users\\INDUMATHI\\Desktop\\KarmaCuisineBackend\\KARMA-CUISINE-BACKEND\\src\\api\\controller.ts:5:58)\n    at processTicksAndRejections (node:internal/process/task_queues:105:5)","timestamp":"2024-12-30T07:34:26.744Z"}
{"level":"info","message":"Router-----store Address","timestamp":"2024-12-30T07:34:58.484Z"}
{"level":"error","message":"Error in store vendor social links: Cannot read properties of undefined (reading 'success')","stack":"TypeError: Cannot read properties of undefined (reading 'success')\n    at VendorProfile.<anonymous> (C:\\Users\\INDUMATHI\\Desktop\\KarmaCuisineBackend\\KARMA-CUISINE-BACKEND\\src\\api\\controller.ts:123:18)\n    at Generator.next (<anonymous>)\n    at fulfilled (C:\\Users\\INDUMATHI\\Desktop\\KarmaCuisineBackend\\KARMA-CUISINE-BACKEND\\src\\api\\controller.ts:5:58)\n    at processTicksAndRejections (node:internal/process/task_queues:105:5)","timestamp":"2024-12-30T07:34:58.488Z"}
{"level":"info","message":"Server running --- from server.ts","timestamp":"2024-12-30T07:36:38.220Z"}
{"level":"info","message":"Server running --- from server.ts","timestamp":"2024-12-30T07:45:23.809Z"}
{"level":"info","message":"Server running --- from server.ts","timestamp":"2024-12-30T07:45:31.235Z"}
{"level":"info","message":"Router-----store Address","timestamp":"2024-12-30T07:46:08.495Z"}
{"level":"error","message":"Error in store vendor social links: Failed to insert vendor bank details: Database query failed : column \"paymentTypeId\" of relation \"VendorBankDetails\" does not exist","stack":"Error: Failed to insert vendor bank details: Database query failed : column \"paymentTypeId\" of relation \"VendorBankDetails\" does not exist\n    at VendorRepository.<anonymous> (C:\\Users\\INDUMATHI\\Desktop\\KarmaCuisineBackend\\KARMA-CUISINE-BACKEND\\src\\api\\vendor\\vendor-repository.ts:179:15)\n    at Generator.throw (<anonymous>)\n    at rejected (C:\\Users\\INDUMATHI\\Desktop\\KarmaCuisineBackend\\KARMA-CUISINE-BACKEND\\src\\api\\vendor\\vendor-repository.ts:6:65)\n    at processTicksAndRejections (node:internal/process/task_queues:105:5)","timestamp":"2024-12-30T07:46:08.663Z"}
{"level":"info","message":"Server running --- from server.ts","timestamp":"2024-12-30T07:48:07.422Z"}
{"level":"info","message":"Router-----store Address","timestamp":"2024-12-30T07:48:11.821Z"}
{"level":"info","message":"Server running --- from server.ts","timestamp":"2024-12-30T07:49:12.438Z"}
{"level":"info","message":"Server running --- from server.ts","timestamp":"2024-12-30T07:57:32.133Z"}
{"level":"info","message":"Server running --- from server.ts","timestamp":"2024-12-30T07:57:40.559Z"}
{"level":"info","message":"Server running --- from server.ts","timestamp":"2024-12-30T07:57:52.721Z"}
{"level":"info","message":"Server running --- from server.ts","timestamp":"2024-12-30T08:05:02.823Z"}
{"level":"info","message":"Server running --- from server.ts","timestamp":"2024-12-30T08:05:25.848Z"}
{"level":"info","message":"Server running --- from server.ts","timestamp":"2024-12-30T08:05:30.067Z"}
{"level":"info","message":"Server running --- from server.ts","timestamp":"2024-12-30T08:05:51.205Z"}
{"level":"info","message":"Server running --- from server.ts","timestamp":"2024-12-30T08:06:01.790Z"}
{"level":"info","message":"Server running --- from server.ts","timestamp":"2024-12-30T08:06:14.349Z"}
{"level":"info","message":"Router-----store Address","timestamp":"2024-12-30T08:08:16.610Z"}
{"level":"error","message":"Error in store vendor social links: Failed to insert vendor bank details: Database query failed : relation \"public.PaymentTypes\" does not exist","stack":"Error: Failed to insert vendor bank details: Database query failed : relation \"public.PaymentTypes\" does not exist\n    at VendorRepository.<anonymous> (C:\\Users\\INDUMATHI\\Desktop\\KarmaCuisineBackend\\KARMA-CUISINE-BACKEND\\src\\api\\vendor\\vendor-repository.ts:210:15)\n    at Generator.throw (<anonymous>)\n    at rejected (C:\\Users\\INDUMATHI\\Desktop\\KarmaCuisineBackend\\KARMA-CUISINE-BACKEND\\src\\api\\vendor\\vendor-repository.ts:6:65)\n    at processTicksAndRejections (node:internal/process/task_queues:105:5)","timestamp":"2024-12-30T08:08:16.740Z"}
{"level":"info","message":"Server running --- from server.ts","timestamp":"2024-12-30T08:09:07.262Z"}
{"level":"info","message":"Router-----store Address","timestamp":"2024-12-30T08:09:10.798Z"}
{"level":"error","message":"Error in store vendor social links: Failed to insert vendor bank details: Database query failed : column \"paymentTypeId\" of relation \"VendorBankDetails\" does not exist","stack":"Error: Failed to insert vendor bank details: Database query failed : column \"paymentTypeId\" of relation \"VendorBankDetails\" does not exist\n    at VendorRepository.<anonymous> (C:\\Users\\INDUMATHI\\Desktop\\KarmaCuisineBackend\\KARMA-CUISINE-BACKEND\\src\\api\\vendor\\vendor-repository.ts:210:15)\n    at Generator.throw (<anonymous>)\n    at rejected (C:\\Users\\INDUMATHI\\Desktop\\KarmaCuisineBackend\\KARMA-CUISINE-BACKEND\\src\\api\\vendor\\vendor-repository.ts:6:65)\n    at processTicksAndRejections (node:internal/process/task_queues:105:5)","timestamp":"2024-12-30T08:09:10.919Z"}
{"level":"info","message":"Server running --- from server.ts","timestamp":"2024-12-30T08:09:58.928Z"}
{"level":"info","message":"Server running --- from server.ts","timestamp":"2024-12-30T08:10:05.488Z"}
{"level":"info","message":"Router-----store Address","timestamp":"2024-12-30T08:10:14.076Z"}
{"level":"error","message":"Error in store vendor social links: Failed to insert vendor bank details: Database query failed : relation \"public.MoneyTransferDetails\" does not exist","stack":"Error: Failed to insert vendor bank details: Database query failed : relation \"public.MoneyTransferDetails\" does not exist\n    at VendorRepository.<anonymous> (C:\\Users\\INDUMATHI\\Desktop\\KarmaCuisineBackend\\KARMA-CUISINE-BACKEND\\src\\api\\vendor\\vendor-repository.ts:210:15)\n    at Generator.throw (<anonymous>)\n    at rejected (C:\\Users\\INDUMATHI\\Desktop\\KarmaCuisineBackend\\KARMA-CUISINE-BACKEND\\src\\api\\vendor\\vendor-repository.ts:6:65)\n    at processTicksAndRejections (node:internal/process/task_queues:105:5)","timestamp":"2024-12-30T08:10:14.193Z"}
{"level":"info","message":"Server running --- from server.ts","timestamp":"2024-12-30T08:15:10.684Z"}
{"level":"info","message":"Server running --- from server.ts","timestamp":"2024-12-30T08:15:29.081Z"}
{"level":"info","message":"Server running --- from server.ts","timestamp":"2024-12-30T08:16:15.590Z"}
{"level":"info","message":"Server running --- from server.ts","timestamp":"2024-12-30T08:16:37.885Z"}
{"level":"info","message":"Router-----store Address","timestamp":"2024-12-30T08:17:12.767Z"}
{"level":"error","message":"Error in store vendor social links: Failed to insert vendor bank details: Database query failed : relation \"public.PaymentTypes\" does not exist","stack":"Error: Failed to insert vendor bank details: Database query failed : relation \"public.PaymentTypes\" does not exist\n    at VendorRepository.<anonymous> (C:\\Users\\INDUMATHI\\Desktop\\KarmaCuisineBackend\\KARMA-CUISINE-BACKEND\\src\\api\\vendor\\vendor-repository.ts:197:15)\n    at Generator.throw (<anonymous>)\n    at rejected (C:\\Users\\INDUMATHI\\Desktop\\KarmaCuisineBackend\\KARMA-CUISINE-BACKEND\\src\\api\\vendor\\vendor-repository.ts:6:65)\n    at processTicksAndRejections (node:internal/process/task_queues:105:5)","timestamp":"2024-12-30T08:17:12.857Z"}
{"level":"info","message":"Server running --- from server.ts","timestamp":"2024-12-30T08:17:25.843Z"}
{"level":"info","message":"Router-----store Address","timestamp":"2024-12-30T08:17:37.080Z"}
{"level":"error","message":"Error in store vendor social links: Failed to insert vendor bank details: Database query failed : column \"moneyTransferDetails\" of relation \"VendorBankDetails\" does not exist","stack":"Error: Failed to insert vendor bank details: Database query failed : column \"moneyTransferDetails\" of relation \"VendorBankDetails\" does not exist\n    at VendorRepository.<anonymous> (C:\\Users\\INDUMATHI\\Desktop\\KarmaCuisineBackend\\KARMA-CUISINE-BACKEND\\src\\api\\vendor\\vendor-repository.ts:197:15)\n    at Generator.throw (<anonymous>)\n    at rejected (C:\\Users\\INDUMATHI\\Desktop\\KarmaCuisineBackend\\KARMA-CUISINE-BACKEND\\src\\api\\vendor\\vendor-repository.ts:6:65)\n    at processTicksAndRejections (node:internal/process/task_queues:105:5)","timestamp":"2024-12-30T08:17:37.241Z"}
{"level":"info","message":"Server running --- from server.ts","timestamp":"2024-12-30T08:18:00.802Z"}
{"level":"info","message":"Router-----store Address","timestamp":"2024-12-30T08:18:10.726Z"}
{"level":"error","message":"Error in store vendor social links: Failed to insert vendor bank details: Database query failed : column \"vendorBankDetailsId\" does not exist","stack":"Error: Failed to insert vendor bank details: Database query failed : column \"vendorBankDetailsId\" does not exist\n    at VendorRepository.<anonymous> (C:\\Users\\INDUMATHI\\Desktop\\KarmaCuisineBackend\\KARMA-CUISINE-BACKEND\\src\\api\\vendor\\vendor-repository.ts:197:15)\n    at Generator.throw (<anonymous>)\n    at rejected (C:\\Users\\INDUMATHI\\Desktop\\KarmaCuisineBackend\\KARMA-CUISINE-BACKEND\\src\\api\\vendor\\vendor-repository.ts:6:65)\n    at processTicksAndRejections (node:internal/process/task_queues:105:5)","timestamp":"2024-12-30T08:18:10.836Z"}
{"level":"info","message":"Server running --- from server.ts","timestamp":"2024-12-30T08:18:58.204Z"}
{"level":"info","message":"Router-----store Address","timestamp":"2024-12-30T08:19:15.269Z"}
{"level":"error","message":"Server not running ---  New route /api/v1/vendorRoutes/BankDetails conflicts with existing /api/v1/vendorRoutes/BankDetails","name":"AssertError","stack":"AssertError: New route /api/v1/vendorRoutes/BankDetails conflicts with existing /api/v1/vendorRoutes/BankDetails\n    at module.exports.internals.Segment.internals.Segment.add (C:\\Users\\INDUMATHI\\Desktop\\KarmaCuisineBackend\\KARMA-CUISINE-BACKEND\\node_modules\\@hapi\\call\\lib\\segment.js:47:14)\n    at exports.Router.internals.Router.internals.Router.add (C:\\Users\\INDUMATHI\\Desktop\\KarmaCuisineBackend\\KARMA-CUISINE-BACKEND\\node_modules\\@hapi\\call\\lib\\index.js:65:16)\n    at internals.Server._addRoute (C:\\Users\\INDUMATHI\\Desktop\\KarmaCuisineBackend\\KARMA-CUISINE-BACKEND\\node_modules\\@hapi\\hapi\\lib\\server.js:529:46)\n    at internals.Server.route (C:\\Users\\INDUMATHI\\Desktop\\KarmaCuisineBackend\\KARMA-CUISINE-BACKEND\\node_modules\\@hapi\\hapi\\lib\\server.js:518:22)\n    at C:\\Users\\INDUMATHI\\Desktop\\KarmaCuisineBackend\\KARMA-CUISINE-BACKEND\\src\\api\\routes.ts:38:14\n    at new Promise (<anonymous>)\n    at vendorRoutes.<anonymous> (C:\\Users\\INDUMATHI\\Desktop\\KarmaCuisineBackend\\KARMA-CUISINE-BACKEND\\src\\api\\routes.ts:36:12)\n    at Generator.next (<anonymous>)\n    at C:\\Users\\INDUMATHI\\Desktop\\KarmaCuisineBackend\\KARMA-CUISINE-BACKEND\\src\\api\\routes.ts:8:71\n    at new Promise (<anonymous>)","timestamp":"2024-12-30T08:20:33.097Z"}
{"level":"info","message":"Server running --- from server.ts","timestamp":"2024-12-30T08:21:02.213Z"}
{"level":"info","message":"Server running --- from server.ts","timestamp":"2024-12-30T08:21:51.596Z"}
{"level":"info","message":"Server running --- from server.ts","timestamp":"2024-12-30T08:22:03.309Z"}
{"level":"info","message":"Server running --- from server.ts","timestamp":"2024-12-30T08:22:18.878Z"}
{"level":"info","message":"Server running --- from server.ts","timestamp":"2024-12-30T08:22:47.392Z"}
{"level":"info","message":"Server running --- from server.ts","timestamp":"2024-12-30T08:26:36.419Z"}
{"level":"info","message":"Server running --- from server.ts","timestamp":"2024-12-30T08:26:49.170Z"}
{"level":"info","message":"Server running --- from server.ts","timestamp":"2024-12-30T08:26:56.777Z"}
{"level":"info","message":"Server running --- from server.ts","timestamp":"2024-12-30T09:31:41.537Z"}
{"level":"info","message":"Server running --- from server.ts","timestamp":"2024-12-30T09:32:10.225Z"}
{"level":"info","message":"Server running --- from server.ts","timestamp":"2024-12-30T09:32:12.954Z"}
{"level":"info","message":"Server running --- from server.ts","timestamp":"2024-12-30T09:32:20.457Z"}
{"level":"info","message":"Server running --- from server.ts","timestamp":"2024-12-30T09:32:25.512Z"}
{"level":"info","message":"Server running --- from server.ts","timestamp":"2024-12-30T09:40:03.187Z"}
{"level":"info","message":"Server running --- from server.ts","timestamp":"2024-12-30T09:40:26.471Z"}
{"level":"info","message":"Server running --- from server.ts","timestamp":"2024-12-30T09:58:16.251Z"}
{"level":"info","message":"Server running --- from server.ts","timestamp":"2024-12-30T09:59:39.450Z"}
{"level":"info","message":"Server running --- from server.ts","timestamp":"2024-12-30T09:59:51.982Z"}
{"level":"info","message":"Server running --- from server.ts","timestamp":"2024-12-30T10:01:37.654Z"}
{"level":"info","message":"Server running --- from server.ts","timestamp":"2024-12-30T10:01:44.796Z"}
{"level":"info","message":"Server running --- from server.ts","timestamp":"2024-12-30T10:02:45.126Z"}
{"level":"info","message":"Server running --- from server.ts","timestamp":"2024-12-30T10:02:57.631Z"}
{"level":"info","message":"Server running --- from server.ts","timestamp":"2024-12-30T10:03:11.469Z"}
{"level":"info","message":"Server running --- from server.ts","timestamp":"2024-12-30T10:11:56.604Z"}
{"level":"info","message":"Server running --- from server.ts","timestamp":"2024-12-30T10:12:32.723Z"}
{"level":"info","message":"Server running --- from server.ts","timestamp":"2024-12-30T10:14:05.623Z"}
{"level":"info","message":"Server running --- from server.ts","timestamp":"2024-12-30T10:14:18.259Z"}
{"level":"info","message":"Server running --- from server.ts","timestamp":"2024-12-30T10:14:21.138Z"}
{"level":"info","message":"Server running --- from server.ts","timestamp":"2024-12-30T10:14:25.615Z"}
{"level":"info","message":"Server running --- from server.ts","timestamp":"2024-12-30T10:14:31.841Z"}
{"level":"info","message":"Server running --- from server.ts","timestamp":"2024-12-30T10:37:01.921Z"}
{"level":"info","message":"Server running --- from server.ts","timestamp":"2024-12-30T10:45:37.621Z"}
{"level":"info","message":"Server running --- from server.ts","timestamp":"2024-12-30T10:45:47.256Z"}
{"level":"info","message":"Server running --- from server.ts","timestamp":"2024-12-30T10:52:26.305Z"}
{"level":"info","message":"Server running --- from server.ts","timestamp":"2024-12-30T10:55:44.530Z"}
{"level":"info","message":"Server running --- from server.ts","timestamp":"2024-12-30T10:56:09.550Z"}
{"level":"info","message":"GET URL REQ => http://localhost:6200/api/v1/vendorRoutes/RestaurentDocUplaod","timestamp":"2024-12-30T10:57:07.406Z"}
{"level":"info","message":"Server running --- from server.ts","timestamp":"2024-12-30T10:58:13.488Z"}
{"level":"info","message":"Server running --- from server.ts","timestamp":"2024-12-30T10:58:18.555Z"}
{"level":"info","message":"GET URL REQ => http://localhost:6200/api/v1/vendorRoutes/RestaurentDocUplaod","timestamp":"2024-12-30T10:58:21.797Z"}
{"level":"info","message":"Server running --- from server.ts","timestamp":"2024-12-30T10:59:29.389Z"}
{"level":"info","message":"GET URL REQ => http://localhost:6200/api/v1/vendorRoutes/RestaurentDocUplaod","timestamp":"2024-12-30T10:59:30.075Z"}
{"level":"info","message":"Server running --- from server.ts","timestamp":"2024-12-30T11:02:05.701Z"}
{"level":"info","message":"GET URL REQ => http://localhost:6200/api/v1/vendorRoutes/RestaurentDocUplaod","timestamp":"2024-12-30T11:02:15.367Z"}
{"level":"error","message":"error in Testing Controller this.VendorRepository.RestaurentDocUplaod is not a function","stack":"TypeError: this.VendorRepository.RestaurentDocUplaod is not a function\n    at VendorResolver.<anonymous> (C:\\Users\\INDUMATHI\\Desktop\\KarmaCuisineBackend\\KARMA-CUISINE-BACKEND\\src\\api\\resolver.ts:32:40)\n    at Generator.next (<anonymous>)\n    at C:\\Users\\INDUMATHI\\Desktop\\KarmaCuisineBackend\\KARMA-CUISINE-BACKEND\\src\\api\\resolver.ts:8:71\n    at new Promise (<anonymous>)\n    at __awaiter (C:\\Users\\INDUMATHI\\Desktop\\KarmaCuisineBackend\\KARMA-CUISINE-BACKEND\\src\\api\\resolver.ts:4:12)\n    at VendorResolver.RestaurentDocUplaodV1 (C:\\Users\\INDUMATHI\\Desktop\\KarmaCuisineBackend\\KARMA-CUISINE-BACKEND\\src\\api\\resolver.ts:48:16)\n    at VendorProfile.<anonymous> (C:\\Users\\INDUMATHI\\Desktop\\KarmaCuisineBackend\\KARMA-CUISINE-BACKEND\\src\\api\\controller.ts:151:42)\n    at Generator.next (<anonymous>)\n    at C:\\Users\\INDUMATHI\\Desktop\\KarmaCuisineBackend\\KARMA-CUISINE-BACKEND\\src\\api\\controller.ts:8:71\n    at new Promise (<anonymous>)","timestamp":"2024-12-30T11:02:15.374Z"}
{"level":"info","message":"Server running --- from server.ts","timestamp":"2024-12-30T11:03:44.433Z"}
{"level":"info","message":"Server running --- from server.ts","timestamp":"2024-12-30T11:03:55.747Z"}
{"level":"info","message":"Router-----store Address","timestamp":"2024-12-30T11:04:02.334Z"}
{"level":"error","message":"Error in store vendor social links: this.VendorRepository.RestaurentDocUplaod is not a function","stack":"TypeError: this.VendorRepository.RestaurentDocUplaod is not a function\n    at VendorResolver.<anonymous> (C:\\Users\\INDUMATHI\\Desktop\\KarmaCuisineBackend\\KARMA-CUISINE-BACKEND\\src\\api\\resolver.ts:32:40)\n    at Generator.next (<anonymous>)\n    at C:\\Users\\INDUMATHI\\Desktop\\KarmaCuisineBackend\\KARMA-CUISINE-BACKEND\\src\\api\\resolver.ts:8:71\n    at new Promise (<anonymous>)\n    at __awaiter (C:\\Users\\INDUMATHI\\Desktop\\KarmaCuisineBackend\\KARMA-CUISINE-BACKEND\\src\\api\\resolver.ts:4:12)\n    at VendorResolver.RestaurentDocUplaodV1 (C:\\Users\\INDUMATHI\\Desktop\\KarmaCuisineBackend\\KARMA-CUISINE-BACKEND\\src\\api\\resolver.ts:48:16)\n    at VendorProfile.<anonymous> (C:\\Users\\INDUMATHI\\Desktop\\KarmaCuisineBackend\\KARMA-CUISINE-BACKEND\\src\\api\\controller.ts:151:36)\n    at Generator.next (<anonymous>)\n    at C:\\Users\\INDUMATHI\\Desktop\\KarmaCuisineBackend\\KARMA-CUISINE-BACKEND\\src\\api\\controller.ts:8:71\n    at new Promise (<anonymous>)","timestamp":"2024-12-30T11:04:02.342Z"}
{"level":"info","message":"Server running --- from server.ts","timestamp":"2024-12-30T11:06:13.513Z"}
{"level":"info","message":"Server running --- from server.ts","timestamp":"2024-12-30T11:06:24.306Z"}
{"level":"info","message":"Router-----store Address","timestamp":"2024-12-30T11:06:46.630Z"}
{"level":"info","message":"Server running --- from server.ts","timestamp":"2024-12-30T11:09:15.037Z"}
{"level":"info","message":"Server running --- from server.ts","timestamp":"2024-12-30T11:09:40.857Z"}
{"level":"info","message":"Router-----store Address","timestamp":"2024-12-30T11:09:48.060Z"}
{"level":"error","message":"Error in store vendor social links: this.VendorRepository.RestaurentDocUplaodV1 is not a function","stack":"TypeError: this.VendorRepository.RestaurentDocUplaodV1 is not a function\n    at VendorResolver.<anonymous> (C:\\Users\\INDUMATHI\\Desktop\\KarmaCuisineBackend\\KARMA-CUISINE-BACKEND\\src\\api\\resolver.ts:32:40)\n    at Generator.next (<anonymous>)\n    at C:\\Users\\INDUMATHI\\Desktop\\KarmaCuisineBackend\\KARMA-CUISINE-BACKEND\\src\\api\\resolver.ts:8:71\n    at new Promise (<anonymous>)\n    at __awaiter (C:\\Users\\INDUMATHI\\Desktop\\KarmaCuisineBackend\\KARMA-CUISINE-BACKEND\\src\\api\\resolver.ts:4:12)\n    at VendorResolver.RestaurentDocUplaodV1 (C:\\Users\\INDUMATHI\\Desktop\\KarmaCuisineBackend\\KARMA-CUISINE-BACKEND\\src\\api\\resolver.ts:48:16)\n    at VendorProfile.<anonymous> (C:\\Users\\INDUMATHI\\Desktop\\KarmaCuisineBackend\\KARMA-CUISINE-BACKEND\\src\\api\\controller.ts:151:36)\n    at Generator.next (<anonymous>)\n    at C:\\Users\\INDUMATHI\\Desktop\\KarmaCuisineBackend\\KARMA-CUISINE-BACKEND\\src\\api\\controller.ts:8:71\n    at new Promise (<anonymous>)","timestamp":"2024-12-30T11:09:48.067Z"}
{"level":"info","message":"Server running --- from server.ts","timestamp":"2024-12-30T11:10:16.383Z"}
{"level":"info","message":"Router-----store Address","timestamp":"2024-12-30T11:10:19.995Z"}
{"level":"info","message":"Server running --- from server.ts","timestamp":"2024-12-30T11:10:42.262Z"}
{"level":"info","message":"Router-----store Address","timestamp":"2024-12-30T11:10:51.068Z"}
{"level":"info","message":"Router-----store Address","timestamp":"2024-12-30T11:11:43.617Z"}
{"level":"info","message":"Server running --- from server.ts","timestamp":"2024-12-30T11:12:58.538Z"}
{"level":"info","message":"Server running --- from server.ts","timestamp":"2024-12-30T11:13:36.833Z"}
{"level":"info","message":"Server running --- from server.ts","timestamp":"2024-12-30T11:13:41.475Z"}
{"level":"info","message":"Server running --- from server.ts","timestamp":"2024-12-30T11:13:44.610Z"}
{"level":"info","message":"Router-----store Address","timestamp":"2024-12-30T11:14:06.785Z"}
{"level":"error","message":"Error in store vendor social links: this.VendorRepository.RestaurentDocUplaodV1 is not a function","stack":"TypeError: this.VendorRepository.RestaurentDocUplaodV1 is not a function\n    at VendorResolver.<anonymous> (C:\\Users\\INDUMATHI\\Desktop\\KarmaCuisineBackend\\KARMA-CUISINE-BACKEND\\src\\api\\resolver.ts:32:40)\n    at Generator.next (<anonymous>)\n    at C:\\Users\\INDUMATHI\\Desktop\\KarmaCuisineBackend\\KARMA-CUISINE-BACKEND\\src\\api\\resolver.ts:8:71\n    at new Promise (<anonymous>)\n    at __awaiter (C:\\Users\\INDUMATHI\\Desktop\\KarmaCuisineBackend\\KARMA-CUISINE-BACKEND\\src\\api\\resolver.ts:4:12)\n    at VendorResolver.RestaurentDocUplaodV1 (C:\\Users\\INDUMATHI\\Desktop\\KarmaCuisineBackend\\KARMA-CUISINE-BACKEND\\src\\api\\resolver.ts:48:16)\n    at VendorProfile.<anonymous> (C:\\Users\\INDUMATHI\\Desktop\\KarmaCuisineBackend\\KARMA-CUISINE-BACKEND\\src\\api\\controller.ts:151:36)\n    at Generator.next (<anonymous>)\n    at C:\\Users\\INDUMATHI\\Desktop\\KarmaCuisineBackend\\KARMA-CUISINE-BACKEND\\src\\api\\controller.ts:8:71\n    at new Promise (<anonymous>)","timestamp":"2024-12-30T11:14:06.791Z"}
{"level":"info","message":"Server running --- from server.ts","timestamp":"2024-12-30T11:14:33.352Z"}
{"level":"info","message":"Router-----store Address","timestamp":"2024-12-30T11:14:38.207Z"}
{"level":"info","message":"Server running --- from server.ts","timestamp":"2024-12-30T11:15:11.478Z"}
{"level":"info","message":"Router-----store Address","timestamp":"2024-12-30T11:15:27.016Z"}
{"level":"info","message":"Server running --- from server.ts","timestamp":"2024-12-30T11:20:24.183Z"}
{"level":"info","message":"Server running --- from server.ts","timestamp":"2024-12-30T11:20:36.145Z"}
{"level":"info","message":"Server running --- from server.ts","timestamp":"2024-12-30T11:21:20.831Z"}
{"level":"info","message":"Server running --- from server.ts","timestamp":"2024-12-30T11:22:13.198Z"}
{"level":"info","message":"Router-----store Address","timestamp":"2024-12-30T11:22:18.042Z"}
{"level":"info","message":"Server running --- from server.ts","timestamp":"2024-12-30T11:22:50.255Z"}
{"level":"info","message":"Server running --- from server.ts","timestamp":"2024-12-30T11:25:28.074Z"}
{"level":"info","message":"Server running --- from server.ts","timestamp":"2024-12-30T11:25:34.549Z"}
{"level":"info","message":"Router-----store Address","timestamp":"2024-12-30T11:26:16.439Z"}
{"level":"info","message":"Server running --- from server.ts","timestamp":"2024-12-30T11:28:33.442Z"}
{"level":"info","message":"Router-----store Address","timestamp":"2024-12-30T11:29:11.002Z"}
{"level":"info","message":"Router-----store Address","timestamp":"2024-12-30T11:31:15.174Z"}
{"level":"info","message":"Router-----store Address","timestamp":"2024-12-30T11:36:40.842Z"}
{"level":"info","message":"Server running --- from server.ts","timestamp":"2024-12-30T11:37:04.926Z"}
{"level":"info","message":"Server running --- from server.ts","timestamp":"2024-12-30T11:37:11.288Z"}
{"level":"info","message":"Router-----store Address","timestamp":"2024-12-30T11:39:30.561Z"}
{"level":"info","message":"Server running --- from server.ts","timestamp":"2024-12-30T11:43:38.956Z"}
{"level":"info","message":"Server running --- from server.ts","timestamp":"2024-12-30T11:45:57.698Z"}
{"level":"info","message":"Server running --- from server.ts","timestamp":"2024-12-30T11:46:05.490Z"}
{"level":"info","message":"Server running --- from server.ts","timestamp":"2024-12-30T11:46:14.157Z"}
{"level":"info","message":"Server running --- from server.ts","timestamp":"2024-12-30T11:46:34.094Z"}
{"level":"info","message":"Server running --- from server.ts","timestamp":"2024-12-30T11:46:37.492Z"}
{"level":"info","message":"Server running --- from server.ts","timestamp":"2024-12-30T11:46:41.494Z"}
{"level":"info","message":"Server running --- from server.ts","timestamp":"2024-12-30T11:49:20.426Z"}
{"level":"info","message":"Server running --- from server.ts","timestamp":"2024-12-30T11:49:55.012Z"}
{"level":"info","message":"Server running --- from server.ts","timestamp":"2024-12-30T11:58:54.834Z"}
{"level":"info","message":"Router-----store Address","timestamp":"2024-12-30T12:00:13.086Z"}
{"level":"info","message":"Server running --- from server.ts","timestamp":"2024-12-30T12:00:43.092Z"}
{"level":"info","message":"Router-----store Address","timestamp":"2024-12-30T12:00:44.678Z"}
{"level":"info","message":"Server running --- from server.ts","timestamp":"2024-12-30T12:03:18.278Z"}
{"level":"info","message":"Router-----store Address","timestamp":"2024-12-30T12:38:14.950Z"}
{"level":"info","message":"Router-----store Address","timestamp":"2024-12-30T12:40:53.145Z"}
{"level":"info","message":"Router-----store Address","timestamp":"2024-12-30T12:42:33.915Z"}
{"level":"info","message":"Server running --- from server.ts","timestamp":"2024-12-30T12:43:04.991Z"}
{"level":"info","message":"Router-----store Address","timestamp":"2024-12-30T12:43:17.083Z"}
{"level":"info","message":"Server running --- from server.ts","timestamp":"2024-12-30T12:44:56.763Z"}
{"level":"info","message":"Server running --- from server.ts","timestamp":"2024-12-30T12:45:15.426Z"}
{"level":"info","message":"Server running --- from server.ts","timestamp":"2024-12-30T12:45:30.428Z"}
{"level":"info","message":"Server running --- from server.ts","timestamp":"2024-12-30T12:45:36.069Z"}
{"level":"info","message":"Router-----store Address","timestamp":"2024-12-30T12:46:00.614Z"}
{"level":"info","message":"Server running --- from server.ts","timestamp":"2024-12-30T12:46:34.586Z"}
{"level":"info","message":"Server running --- from server.ts","timestamp":"2024-12-30T12:46:43.053Z"}
{"level":"info","message":"Server running --- from server.ts","timestamp":"2024-12-30T12:47:23.959Z"}
{"level":"info","message":"Server running --- from server.ts","timestamp":"2024-12-30T12:47:53.725Z"}
{"level":"info","message":"Server running --- from server.ts","timestamp":"2024-12-30T12:48:14.254Z"}
{"level":"info","message":"Router-----store Address","timestamp":"2024-12-30T12:48:32.902Z"}
{"level":"info","message":"Router-----store Address","timestamp":"2024-12-30T12:49:11.531Z"}
{"level":"info","message":"Server running --- from server.ts","timestamp":"2024-12-30T12:49:29.781Z"}
{"level":"info","message":"Router-----store Address","timestamp":"2024-12-30T12:49:33.157Z"}
{"level":"info","message":"Server running --- from server.ts","timestamp":"2024-12-30T12:50:01.305Z"}
{"level":"info","message":"Router-----store Address","timestamp":"2024-12-30T12:50:31.574Z"}
{"level":"info","message":"Server running --- from server.ts","timestamp":"2024-12-30T13:02:39.857Z"}
{"level":"info","message":"Server running --- from server.ts","timestamp":"2024-12-30T13:03:19.126Z"}
{"level":"info","message":"Server running --- from server.ts","timestamp":"2024-12-30T13:03:30.917Z"}
{"level":"info","message":"Server running --- from server.ts","timestamp":"2024-12-30T13:03:42.153Z"}
{"level":"info","message":"Server running --- from server.ts","timestamp":"2024-12-30T13:04:01.932Z"}
{"level":"info","message":"Server running --- from server.ts","timestamp":"2024-12-30T13:04:15.072Z"}
{"level":"info","message":"Server running --- from server.ts","timestamp":"2024-12-30T13:04:36.381Z"}
{"level":"info","message":"Server running --- from server.ts","timestamp":"2024-12-30T13:04:51.003Z"}
{"level":"info","message":"Server running --- from server.ts","timestamp":"2024-12-30T13:05:00.657Z"}
{"level":"info","message":"Server running --- from server.ts","timestamp":"2024-12-30T13:08:18.830Z"}
{"level":"info","message":"Server running --- from server.ts","timestamp":"2024-12-30T13:11:20.282Z"}
{"level":"info","message":"Server running --- from server.ts","timestamp":"2024-12-30T13:11:24.673Z"}
{"level":"info","message":"Server running --- from server.ts","timestamp":"2024-12-30T13:14:30.575Z"}
{"level":"info","message":"Server running --- from server.ts","timestamp":"2024-12-30T13:15:11.807Z"}
